#
# A fatal error has been detected by the Java Runtime Environment:
#
#  EXCEPTION_ACCESS_VIOLATION (0xc0000005) at pc=0x0000000055cd9eb0, pid=328, tid=5632
#
# JRE version: Java(TM) SE Runtime Environment (8.0_60-b27) (build 1.8.0_60-b27)
# Java VM: Java HotSpot(TM) 64-Bit Server VM (25.60-b23 mixed mode windows-amd64 compressed oops)
# Problematic frame:
# V  [jvm.dll+0x1a9eb0]
#
# Failed to write core dump. Minidumps are not enabled by default on client versions of Windows
#
# If you would like to submit a bug report, please visit:
#   http://bugreport.java.com/bugreport/crash.jsp
#

---------------  T H R E A D  ---------------

Current thread (0x0000000018f32000):  JavaThread "JDWP Transport Listener: dt_socket" daemon [_thread_in_vm, id=5632, stack(0x00000000194e0000,0x00000000195e0000)]

siginfo: ExceptionCode=0xc0000005, writing address 0x000000002d9f0c60

Registers:
RAX=0x000000002764ec20, RBX=0x0000000001640100, RCX=0x00000000175166c0, RDX=0x0000000000000001
RSP=0x00000000195df390, RBP=0x00000000195df4d8, RSI=0x000000010031d468, RDI=0x000000000000000f
R8 =0x0000000018f39120, R9 =0x0000000000000001, R10=0x0000000000000000, R11=0x000000002764ec20
R12=0x00000000227f0460, R13=0x00000000195df490, R14=0x00000000195df4d8, R15=0x000000000000000f
RIP=0x0000000055cd9eb0, EFLAGS=0x0000000000010206

Top of Stack: (sp=0x00000000195df390)
0x00000000195df390:   0000000001640100 00000000195df4d8
0x00000000195df3a0:   000000010031d468 0000000055480c18
0x00000000195df3b0:   0000000018f32000 0000000018f26280
0x00000000195df3c0:   00000000175165d0 00000000175165e0
0x00000000195df3d0:   00000000175166b8 00000000000000d8
0x00000000195df3e0:   00000000195df7b0 0000000055da9214
0x00000000195df3f0:   0000000000000000 0000000000000000
0x00000000195df400:   0000000018f2f4e8 0000000082a35238
0x00000000195df410:   0000000018f32000 0000000055e71ef3
0x00000000195df420:   00000000195df4d8 00000000195df490
0x00000000195df430:   00000000021f8690 0000000055476c0e
0x00000000195df440:   0000000018f32000 0000000000000000
0x00000000195df450:   0000000000000000 0000000000000000
0x00000000195df460:   0000000000000000 000000005546551f
0x00000000195df470:   00000000195df520 0000000000000001
0x00000000195df480:   0000000018f31178 00000000195df550 

Instructions: (pc=0x0000000055cd9eb0)
0x0000000055cd9e90:   48 8b 8e 80 01 00 00 48 8b 86 a0 01 00 00 48 8b
0x0000000055cd9ea0:   4c f9 08 48 63 5c b8 04 e8 03 1d ef ff 48 ff c7
0x0000000055cd9eb0:   49 89 04 dc 49 3b ff 7c d7 eb 23 45 85 ff 7e 1e
0x0000000055cd9ec0:   48 8b 86 80 01 00 00 48 8b 4c f8 08 e8 df 1c ef 


Register to memory mapping:

RAX=0x000000002764ec20 is an unknown value
RBX=0x0000000001640100 is an unknown value
RCX=0x00000000175166c0 is an unknown value
RDX=0x0000000000000001 is an unknown value
RSP=0x00000000195df390 is pointing into the stack for thread: 0x0000000018f32000
RBP=0x00000000195df4d8 is pointing into the stack for thread: 0x0000000018f32000
RSI=0x000000010031d468 is pointing into metadata
RDI=0x000000000000000f is an unknown value
R8 =0x0000000018f39120 is an unknown value
R9 =0x0000000000000001 is an unknown value
R10=0x0000000000000000 is an unknown value
R11=0x000000002764ec20 is an unknown value
R12=0x00000000227f0460 is an unknown value
R13=0x00000000195df490 is pointing into the stack for thread: 0x0000000018f32000
R14=0x00000000195df4d8 is pointing into the stack for thread: 0x0000000018f32000
R15=0x000000000000000f is an unknown value


Stack: [0x00000000194e0000,0x00000000195e0000],  sp=0x00000000195df390,  free space=1020k
Native frames: (J=compiled Java code, j=interpreted, Vv=VM code, C=native code)
V  [jvm.dll+0x1a9eb0]
V  [jvm.dll+0x341ef3]
C  [jdwp.dll+0x551f]
C  [jdwp.dll+0xf0a8]
C  [jdwp.dll+0x1f2d5]
C  [jdwp.dll+0x1f4aa]
V  [jvm.dll+0x1bb8e8]
V  [jvm.dll+0x243134]
V  [jvm.dll+0x299f6a]
C  [msvcr100.dll+0x21d9f]
C  [msvcr100.dll+0x21e3b]
C  [KERNEL32.DLL+0x17974]
C  [ntdll.dll+0x6a271]


---------------  P R O C E S S  ---------------

Java Threads: ( => current thread )
  0x000000002056b800 JavaThread "HikariPool-1 housekeeper" daemon [_thread_blocked, id=18100, stack(0x0000000026620000,0x0000000026720000)]
  0x000000002056c800 JavaThread "DestroyJavaVM" [_thread_blocked, id=9300, stack(0x00000000020f0000,0x00000000021f0000)]
  0x000000002056b000 JavaThread "http-nio-8888-Acceptor" daemon [_thread_in_native, id=7688, stack(0x00000000255b0000,0x00000000256b0000)]
  0x000000002056a000 JavaThread "http-nio-8888-ClientPoller" daemon [_thread_in_native, id=11148, stack(0x00000000254b0000,0x00000000255b0000)]
  0x0000000020566800 JavaThread "http-nio-8888-exec-10" daemon [_thread_blocked, id=11796, stack(0x00000000253b0000,0x00000000254b0000)]
  0x000000002056d000 JavaThread "http-nio-8888-exec-9" daemon [_thread_blocked, id=11228, stack(0x00000000252b0000,0x00000000253b0000)]
  0x0000000020569800 JavaThread "http-nio-8888-exec-8" daemon [_thread_blocked, id=4260, stack(0x00000000251b0000,0x00000000252b0000)]
  0x0000000020568800 JavaThread "http-nio-8888-exec-7" daemon [_thread_blocked, id=10120, stack(0x00000000250b0000,0x00000000251b0000)]
  0x0000000020567000 JavaThread "http-nio-8888-exec-6" daemon [_thread_blocked, id=9456, stack(0x0000000024fb0000,0x00000000250b0000)]
  0x0000000020337000 JavaThread "http-nio-8888-exec-5" daemon [_thread_blocked, id=6016, stack(0x0000000023b20000,0x0000000023c20000)]
  0x000000001e9aa000 JavaThread "http-nio-8888-exec-4" daemon [_thread_blocked, id=6472, stack(0x0000000023470000,0x0000000023570000)]
  0x0000000019d54000 JavaThread "http-nio-8888-exec-3" daemon [_thread_blocked, id=10092, stack(0x0000000023370000,0x0000000023470000)]
  0x0000000019f73000 JavaThread "http-nio-8888-exec-2" daemon [_thread_blocked, id=1320, stack(0x0000000023270000,0x0000000023370000)]
  0x0000000019d66000 JavaThread "http-nio-8888-exec-1" daemon [_thread_blocked, id=14080, stack(0x0000000023170000,0x0000000023270000)]
  0x0000000019ec2800 JavaThread "http-nio-8888-BlockPoller" daemon [_thread_in_native, id=8984, stack(0x0000000023070000,0x0000000023170000)]
  0x000000001acf5800 JavaThread "mysql-cj-abandoned-connection-cleanup" daemon [_thread_blocked, id=616, stack(0x0000000021a00000,0x0000000021b00000)]
  0x00000000201f2800 JavaThread "container-0" [_thread_blocked, id=11524, stack(0x0000000021430000,0x0000000021530000)]
  0x000000001d4d8000 JavaThread "Catalina-utility-2" [_thread_blocked, id=11880, stack(0x0000000021330000,0x0000000021430000)]
  0x000000002096f000 JavaThread "Catalina-utility-1" [_thread_blocked, id=5764, stack(0x000000001f980000,0x000000001fa80000)]
  0x00000000192b2800 JavaThread "Service Thread" daemon [_thread_blocked, id=11168, stack(0x0000000019ae0000,0x0000000019be0000)]
  0x00000000191ac800 JavaThread "C1 CompilerThread2" daemon [_thread_blocked, id=7544, stack(0x00000000199e0000,0x0000000019ae0000)]
  0x00000000191ac000 JavaThread "C2 CompilerThread1" daemon [_thread_blocked, id=1208, stack(0x00000000198e0000,0x00000000199e0000)]
  0x000000001923d000 JavaThread "C2 CompilerThread0" daemon [_thread_blocked, id=12636, stack(0x00000000197e0000,0x00000000198e0000)]
  0x0000000018f3e000 JavaThread "JDWP Command Reader" daemon [_thread_in_native, id=5048, stack(0x00000000196e0000,0x00000000197e0000)]
  0x0000000018f3d000 JavaThread "JDWP Event Helper Thread" daemon [_thread_blocked, id=7780, stack(0x00000000195e0000,0x00000000196e0000)]
=>0x0000000018f32000 JavaThread "JDWP Transport Listener: dt_socket" daemon [_thread_in_vm, id=5632, stack(0x00000000194e0000,0x00000000195e0000)]
  0x0000000018f25000 JavaThread "Attach Listener" daemon [_thread_blocked, id=14416, stack(0x00000000193e0000,0x00000000194e0000)]
  0x0000000018f24800 JavaThread "Signal Dispatcher" daemon [_thread_blocked, id=5568, stack(0x00000000192e0000,0x00000000193e0000)]
  0x00000000027ec000 JavaThread "Finalizer" daemon [_thread_blocked, id=17744, stack(0x0000000018d70000,0x0000000018e70000)]
  0x00000000027e5000 JavaThread "Reference Handler" daemon [_thread_blocked, id=18376, stack(0x0000000018c70000,0x0000000018d70000)]

Other Threads:
  0x00000000174c7800 VMThread [stack: 0x0000000018b70000,0x0000000018c70000] [id=17216]
  0x00000000192dd800 WatcherThread [stack: 0x000000001a3e0000,0x000000001a4e0000] [id=10480]

VM state:not at safepoint (normal execution)

VM Mutex/Monitor currently owned by a thread: None

Heap:
 PSYoungGen      total 245760K, used 53944K [0x00000000d6100000, 0x00000000eb480000, 0x0000000100000000)
  eden space 235008K, 18% used [0x00000000d6100000,0x00000000d8b35a28,0x00000000e4680000)
  from space 10752K, 99% used [0x00000000e4680000,0x00000000e50f8790,0x00000000e5100000)
  to   space 13312K, 0% used [0x00000000ea780000,0x00000000ea780000,0x00000000eb480000)
 ParOldGen       total 66560K, used 17090K [0x0000000082200000, 0x0000000086300000, 0x00000000d6100000)
  object space 66560K, 25% used [0x0000000082200000,0x00000000832b08c0,0x0000000086300000)
 Metaspace       used 46111K, capacity 48308K, committed 48472K, reserved 1091584K
  class space    used 5802K, capacity 6196K, committed 6272K, reserved 1048576K

Card table byte_map: [0x0000000011bb0000,0x0000000011fa0000] byte_map_base: 0x000000001179f000

Marking Bits: (ParMarkBitMap*) 0x000000005633a5b0
 Begin Bits: [0x0000000012840000, 0x00000000147b8000)
 End Bits:   [0x00000000147b8000, 0x0000000016730000)

Polling page: 0x0000000000470000

CodeCache: size=245760Kb used=15561Kb max_used=15561Kb free=230198Kb
 bounds [0x00000000027f0000, 0x0000000003740000, 0x00000000117f0000]
 total_blobs=5042 nmethods=4539 adapters=422
 compilation: enabled

Compilation events (10 events):
Event: 282.913 Thread 0x000000001923d000 5138       4       java.util.concurrent.locks.ReentrantLock$Sync::tryRelease (45 bytes)
Event: 282.914 Thread 0x000000001923d000 nmethod 5138 0x0000000002b02b90 code [0x0000000002b02cc0, 0x0000000002b02d78]
Event: 282.936 Thread 0x00000000191ac800 5139   !   3       java.util.concurrent.ThreadPoolExecutor::getTask (179 bytes)
Event: 282.937 Thread 0x00000000191ac800 nmethod 5139 0x0000000002b03fd0 code [0x0000000002b04220, 0x0000000002b053f8]
Event: 289.923 Thread 0x00000000191ac800 5140   !   3       java.util.concurrent.ScheduledThreadPoolExecutor$DelayedWorkQueue::offer (124 bytes)
Event: 289.924 Thread 0x00000000191ac800 nmethod 5140 0x000000000372e510 code [0x000000000372e7c0, 0x000000000372fbc8]
Event: 289.924 Thread 0x00000000191ac800 5141       3       java.util.concurrent.ThreadPoolExecutor::ensurePrestart (41 bytes)
Event: 289.924 Thread 0x00000000191ac800 nmethod 5141 0x0000000002b02550 code [0x0000000002b026e0, 0x0000000002b02a78]
Event: 292.936 Thread 0x00000000191ac800 5142       3       java.util.concurrent.ThreadPoolExecutor::beforeExecute (1 bytes)
Event: 292.937 Thread 0x00000000191ac800 nmethod 5142 0x0000000002b02250 code [0x0000000002b023a0, 0x0000000002b024f0]

GC Heap History (10 events):
Event: 1.344 GC heap before
{Heap before GC invocations=7 (full 1):
 PSYoungGen      total 138752K, used 5139K [0x00000000d6100000, 0x00000000df100000, 0x0000000100000000)
  eden space 131072K, 0% used [0x00000000d6100000,0x00000000d6100000,0x00000000de100000)
  from space 7680K, 66% used [0x00000000de980000,0x00000000dee84d38,0x00000000df100000)
  to   space 8192K, 0% used [0x00000000de100000,0x00000000de100000,0x00000000de900000)
 ParOldGen       total 86016K, used 4016K [0x0000000082200000, 0x0000000087600000, 0x00000000d6100000)
  object space 86016K, 4% used [0x0000000082200000,0x00000000825ec100,0x0000000087600000)
 Metaspace       used 20605K, capacity 21188K, committed 21248K, reserved 1067008K
  class space    used 2628K, capacity 2770K, committed 2816K, reserved 1048576K
Event: 1.362 GC heap after
Heap after GC invocations=7 (full 1):
 PSYoungGen      total 138752K, used 0K [0x00000000d6100000, 0x00000000df100000, 0x0000000100000000)
  eden space 131072K, 0% used [0x00000000d6100000,0x00000000d6100000,0x00000000de100000)
  from space 7680K, 0% used [0x00000000de980000,0x00000000de980000,0x00000000df100000)
  to   space 8192K, 0% used [0x00000000de100000,0x00000000de100000,0x00000000de900000)
 ParOldGen       total 46592K, used 5432K [0x0000000082200000, 0x0000000084f80000, 0x00000000d6100000)
  object space 46592K, 11% used [0x0000000082200000,0x000000008274e240,0x0000000084f80000)
 Metaspace       used 20603K, capacity 21182K, committed 21248K, reserved 1067008K
  class space    used 2627K, capacity 2769K, committed 2816K, reserved 1048576K
}
Event: 2.345 GC heap before
{Heap before GC invocations=8 (full 1):
 PSYoungGen      total 138752K, used 131072K [0x00000000d6100000, 0x00000000df100000, 0x0000000100000000)
  eden space 131072K, 100% used [0x00000000d6100000,0x00000000de100000,0x00000000de100000)
  from space 7680K, 0% used [0x00000000de980000,0x00000000de980000,0x00000000df100000)
  to   space 8192K, 0% used [0x00000000de100000,0x00000000de100000,0x00000000de900000)
 ParOldGen       total 46592K, used 5432K [0x0000000082200000, 0x0000000084f80000, 0x00000000d6100000)
  object space 46592K, 11% used [0x0000000082200000,0x000000008274e240,0x0000000084f80000)
 Metaspace       used 27006K, capacity 28020K, committed 28160K, reserved 1073152K
  class space    used 3476K, capacity 3714K, committed 3840K, reserved 1048576K
Event: 2.351 GC heap after
Heap after GC invocations=8 (full 1):
 PSYoungGen      total 139264K, used 8184K [0x00000000d6100000, 0x00000000e5b80000, 0x0000000100000000)
  eden space 131072K, 0% used [0x00000000d6100000,0x00000000d6100000,0x00000000de100000)
  from space 8192K, 99% used [0x00000000de100000,0x00000000de8fe1a0,0x00000000de900000)
  to   space 9728K, 0% used [0x00000000e5200000,0x00000000e5200000,0x00000000e5b80000)
 ParOldGen       total 46592K, used 6345K [0x0000000082200000, 0x0000000084f80000, 0x00000000d6100000)
  object space 46592K, 13% used [0x0000000082200000,0x00000000828324e0,0x0000000084f80000)
 Metaspace       used 27006K, capacity 28020K, committed 28160K, reserved 1073152K
  class space    used 3476K, capacity 3714K, committed 3840K, reserved 1048576K
}
Event: 3.145 GC heap before
{Heap before GC invocations=9 (full 1):
 PSYoungGen      total 139264K, used 95042K [0x00000000d6100000, 0x00000000e5b80000, 0x0000000100000000)
  eden space 131072K, 66% used [0x00000000d6100000,0x00000000db5d26c8,0x00000000de100000)
  from space 8192K, 99% used [0x00000000de100000,0x00000000de8fe1a0,0x00000000de900000)
  to   space 9728K, 0% used [0x00000000e5200000,0x00000000e5200000,0x00000000e5b80000)
 ParOldGen       total 46592K, used 6345K [0x0000000082200000, 0x0000000084f80000, 0x00000000d6100000)
  object space 46592K, 13% used [0x0000000082200000,0x00000000828324e0,0x0000000084f80000)
 Metaspace       used 33821K, capacity 35342K, committed 35416K, reserved 1079296K
  class space    used 4381K, capacity 4671K, committed 4736K, reserved 1048576K
Event: 3.151 GC heap after
Heap after GC invocations=9 (full 1):
 PSYoungGen      total 241152K, used 9543K [0x00000000d6100000, 0x00000000e5b80000, 0x0000000100000000)
  eden space 231424K, 0% used [0x00000000d6100000,0x00000000d6100000,0x00000000e4300000)
  from space 9728K, 98% used [0x00000000e5200000,0x00000000e5b51cd8,0x00000000e5b80000)
  to   space 10752K, 0% used [0x00000000e4680000,0x00000000e4680000,0x00000000e5100000)
 ParOldGen       total 46592K, used 6417K [0x0000000082200000, 0x0000000084f80000, 0x00000000d6100000)
  object space 46592K, 13% used [0x0000000082200000,0x00000000828444f0,0x0000000084f80000)
 Metaspace       used 33821K, capacity 35342K, committed 35416K, reserved 1079296K
  class space    used 4381K, capacity 4671K, committed 4736K, reserved 1048576K
}
Event: 3.151 GC heap before
{Heap before GC invocations=10 (full 2):
 PSYoungGen      total 241152K, used 9543K [0x00000000d6100000, 0x00000000e5b80000, 0x0000000100000000)
  eden space 231424K, 0% used [0x00000000d6100000,0x00000000d6100000,0x00000000e4300000)
  from space 9728K, 98% used [0x00000000e5200000,0x00000000e5b51cd8,0x00000000e5b80000)
  to   space 10752K, 0% used [0x00000000e4680000,0x00000000e4680000,0x00000000e5100000)
 ParOldGen       total 46592K, used 6417K [0x0000000082200000, 0x0000000084f80000, 0x00000000d6100000)
  object space 46592K, 13% used [0x0000000082200000,0x00000000828444f0,0x0000000084f80000)
 Metaspace       used 33821K, capacity 35342K, committed 35416K, reserved 1079296K
  class space    used 4381K, capacity 4671K, committed 4736K, reserved 1048576K
Event: 3.195 GC heap after
Heap after GC invocations=10 (full 2):
 PSYoungGen      total 241152K, used 0K [0x00000000d6100000, 0x00000000e5b80000, 0x0000000100000000)
  eden space 231424K, 0% used [0x00000000d6100000,0x00000000d6100000,0x00000000e4300000)
  from space 9728K, 0% used [0x00000000e5200000,0x00000000e5200000,0x00000000e5b80000)
  to   space 10752K, 0% used [0x00000000e4680000,0x00000000e4680000,0x00000000e5100000)
 ParOldGen       total 66560K, used 13690K [0x0000000082200000, 0x0000000086300000, 0x00000000d6100000)
  object space 66560K, 20% used [0x0000000082200000,0x0000000082f5ea08,0x0000000086300000)
 Metaspace       used 33821K, capacity 35342K, committed 35416K, reserved 1079296K
  class space    used 4381K, capacity 4671K, committed 4736K, reserved 1048576K
}
Event: 6.637 GC heap before
{Heap before GC invocations=11 (full 2):
 PSYoungGen      total 241152K, used 231424K [0x00000000d6100000, 0x00000000e5b80000, 0x0000000100000000)
  eden space 231424K, 100% used [0x00000000d6100000,0x00000000e4300000,0x00000000e4300000)
  from space 9728K, 0% used [0x00000000e5200000,0x00000000e5200000,0x00000000e5b80000)
  to   space 10752K, 0% used [0x00000000e4680000,0x00000000e4680000,0x00000000e5100000)
 ParOldGen       total 66560K, used 13690K [0x0000000082200000, 0x0000000086300000, 0x00000000d6100000)
  object space 66560K, 20% used [0x0000000082200000,0x0000000082f5ea08,0x0000000086300000)
 Metaspace       used 44486K, capacity 46582K, committed 46680K, reserved 1089536K
  class space    used 5628K, capacity 6007K, committed 6016K, reserved 1048576K
Event: 6.649 GC heap after
Heap after GC invocations=11 (full 2):
 PSYoungGen      total 245760K, used 10721K [0x00000000d6100000, 0x00000000eb480000, 0x0000000100000000)
  eden space 235008K, 0% used [0x00000000d6100000,0x00000000d6100000,0x00000000e4680000)
  from space 10752K, 99% used [0x00000000e4680000,0x00000000e50f8790,0x00000000e5100000)
  to   space 13312K, 0% used [0x00000000ea780000,0x00000000ea780000,0x00000000eb480000)
 ParOldGen       total 66560K, used 17090K [0x0000000082200000, 0x0000000086300000, 0x00000000d6100000)
  object space 66560K, 25% used [0x0000000082200000,0x00000000832b08c0,0x0000000086300000)
 Metaspace       used 44486K, capacity 46582K, committed 46680K, reserved 1089536K
  class space    used 5628K, capacity 6007K, committed 6016K, reserved 1048576K
}

Deoptimization events (10 events):
Event: 21.943 Thread 0x0000000019f73000 Uncommon trap: reason=unhandled action=none pc=0x000000000322fa98 method=java.net.URLClassLoader.findClass(Ljava/lang/String;)Ljava/lang/Class; @ 44
Event: 21.944 Thread 0x0000000019f73000 Uncommon trap: reason=unhandled action=none pc=0x000000000322fa98 method=java.net.URLClassLoader.findClass(Ljava/lang/String;)Ljava/lang/Class; @ 44
Event: 21.945 Thread 0x0000000019f73000 Uncommon trap: reason=unhandled action=none pc=0x000000000322fa98 method=java.net.URLClassLoader.findClass(Ljava/lang/String;)Ljava/lang/Class; @ 44
Event: 21.945 Thread 0x0000000019f73000 Uncommon trap: reason=unhandled action=none pc=0x000000000322fa98 method=java.net.URLClassLoader.findClass(Ljava/lang/String;)Ljava/lang/Class; @ 44
Event: 21.945 Thread 0x0000000019f73000 Uncommon trap: reason=unhandled action=none pc=0x000000000322fa98 method=java.net.URLClassLoader.findClass(Ljava/lang/String;)Ljava/lang/Class; @ 44
Event: 21.946 Thread 0x0000000019f73000 Uncommon trap: reason=unhandled action=none pc=0x000000000322fa98 method=java.net.URLClassLoader.findClass(Ljava/lang/String;)Ljava/lang/Class; @ 44
Event: 21.946 Thread 0x0000000019f73000 Uncommon trap: reason=unhandled action=none pc=0x000000000322fa98 method=java.net.URLClassLoader.findClass(Ljava/lang/String;)Ljava/lang/Class; @ 44
Event: 21.947 Thread 0x0000000019f73000 Uncommon trap: reason=unhandled action=none pc=0x000000000322fa98 method=java.net.URLClassLoader.findClass(Ljava/lang/String;)Ljava/lang/Class; @ 44
Event: 21.947 Thread 0x0000000019f73000 Uncommon trap: reason=unhandled action=none pc=0x000000000322fa98 method=java.net.URLClassLoader.findClass(Ljava/lang/String;)Ljava/lang/Class; @ 44
Event: 22.440 Thread 0x000000002056a000 Uncommon trap: reason=unstable_if action=reinterpret pc=0x0000000002913444 method=java.util.HashMap$HashIterator.<init>(Ljava/util/HashMap;)V @ 45

Internal exceptions (10 events):
Event: 6.765 Thread 0x0000000019d66000 Exception <a 'java/lang/ArrayIndexOutOfBoundsException': 63> (0x00000000d76a07c0) thrown at [C:\re\workspace\8-2-build-windows-amd64-cygwin\jdk8u60\4407\hotspot\src\share\vm\interpreter\interpreterRuntime.cpp, line 366]
Event: 6.765 Thread 0x0000000019d66000 Exception <a 'java/lang/ArrayIndexOutOfBoundsException': 66> (0x00000000d76a2088) thrown at [C:\re\workspace\8-2-build-windows-amd64-cygwin\jdk8u60\4407\hotspot\src\share\vm\interpreter\interpreterRuntime.cpp, line 366]
Event: 6.768 Thread 0x0000000019d66000 Exception <a 'java/lang/ArrayIndexOutOfBoundsException': 149> (0x00000000d76dae48) thrown at [C:\re\workspace\8-2-build-windows-amd64-cygwin\jdk8u60\4407\hotspot\src\share\vm\interpreter\interpreterRuntime.cpp, line 366]
Event: 8.468 Thread 0x0000000019f73000 Exception <a 'java/lang/ArrayIndexOutOfBoundsException': 64> (0x00000000d84a1650) thrown at [C:\re\workspace\8-2-build-windows-amd64-cygwin\jdk8u60\4407\hotspot\src\share\vm\interpreter\interpreterRuntime.cpp, line 366]
Event: 8.475 Thread 0x0000000019f73000 Exception <a 'java/lang/ArrayIndexOutOfBoundsException': 84> (0x00000000d84ef8a8) thrown at [C:\re\workspace\8-2-build-windows-amd64-cygwin\jdk8u60\4407\hotspot\src\share\vm\interpreter\interpreterRuntime.cpp, line 366]
Event: 17.397 Thread 0x0000000019f73000 Exception <a 'java/lang/NullPointerException'> (0x00000000d8505af0) thrown at [C:\re\workspace\8-2-build-windows-amd64-cygwin\jdk8u60\4407\hotspot\src\share\vm\interpreter\linkResolver.cpp, line 1280]
Event: 21.925 Thread 0x0000000019f73000 Exception <a 'java/lang/reflect/InvocationTargetException'> (0x00000000d8519130) thrown at [C:\re\workspace\8-2-build-windows-amd64-cygwin\jdk8u60\4407\hotspot\src\share\vm\runtime\reflection.cpp, line 1092]
Event: 21.938 Thread 0x0000000019f73000 Exception <a 'java/lang/ArrayIndexOutOfBoundsException': 137> (0x00000000d86f4d10) thrown at [C:\re\workspace\8-2-build-windows-amd64-cygwin\jdk8u60\4407\hotspot\src\share\vm\interpreter\interpreterRuntime.cpp, line 366]
Event: 21.941 Thread 0x0000000019f73000 Exception <a 'java/lang/ArrayIndexOutOfBoundsException': 64> (0x00000000d87593d0) thrown at [C:\re\workspace\8-2-build-windows-amd64-cygwin\jdk8u60\4407\hotspot\src\share\vm\interpreter\interpreterRuntime.cpp, line 366]
Event: 21.942 Thread 0x0000000019f73000 Exception <a 'java/lang/ArrayIndexOutOfBoundsException': 83> (0x00000000d8778ca0) thrown at [C:\re\workspace\8-2-build-windows-amd64-cygwin\jdk8u60\4407\hotspot\src\share\vm\interpreter\interpreterRuntime.cpp, line 366]

Events (10 events):
Event: 21.949 Executing VM operation: RevokeBias done
Event: 21.949 Executing VM operation: RevokeBias
Event: 21.949 Executing VM operation: RevokeBias done
Event: 22.440 Thread 0x000000002056a000 Uncommon trap: trap_request=0xffffff65 fr.pc=0x0000000002913444
Event: 22.440 Thread 0x000000002056a000 DEOPT PACKING pc=0x0000000002913444 sp=0x00000000255aefd0
Event: 22.440 Thread 0x000000002056a000 DEOPT UNPACKING pc=0x000000000283582a sp=0x00000000255aee78 mode 2
Event: 299.357 Executing VM operation: ChangeBreakpoints
Event: 299.357 Executing VM operation: ChangeBreakpoints done
Event: 299.426 Executing VM operation: RedefineClasses
Event: 299.450 Executing VM operation: RedefineClasses done


Dynamic libraries:
0x00007ff764600000 - 0x00007ff764637000 	C:\Program Files\Java\jre1.8.0_60\bin\javaw.exe
0x00007ff84d190000 - 0x00007ff84d37d000 	C:\Windows\SYSTEM32\ntdll.dll
0x00007ff84c400000 - 0x00007ff84c4b3000 	C:\Windows\System32\KERNEL32.DLL
0x00007ff849750000 - 0x00007ff8499e3000 	C:\Windows\System32\KERNELBASE.dll
0x00007ff84c960000 - 0x00007ff84ca03000 	C:\Windows\System32\ADVAPI32.dll
0x00007ff84c8c0000 - 0x00007ff84c95e000 	C:\Windows\System32\msvcrt.dll
0x00007ff84c360000 - 0x00007ff84c3fe000 	C:\Windows\System32\sechost.dll
0x00007ff84c730000 - 0x00007ff84c852000 	C:\Windows\System32\RPCRT4.dll
0x00007ff84ca20000 - 0x00007ff84cbb7000 	C:\Windows\System32\USER32.dll
0x00007ff84a1a0000 - 0x00007ff84a1c0000 	C:\Windows\System32\win32u.dll
0x00007ff84cc30000 - 0x00007ff84cc59000 	C:\Windows\System32\GDI32.dll
0x00007ff8495b0000 - 0x00007ff849749000 	C:\Windows\System32\gdi32full.dll
0x00007ff849440000 - 0x00007ff8494e0000 	C:\Windows\System32\msvcp_win.dll
0x00007ff849260000 - 0x00007ff84935a000 	C:\Windows\System32\ucrtbase.dll
0x00007ff8354c0000 - 0x00007ff835739000 	C:\Windows\WinSxS\amd64_microsoft.windows.common-controls_6595b64144ccf1df_6.0.17763.652_none_05b13fdc0722da13\COMCTL32.dll
0x00007ff84ccc0000 - 0x00007ff84cfec000 	C:\Windows\System32\combase.dll
0x00007ff849530000 - 0x00007ff8495ae000 	C:\Windows\System32\bcryptPrimitives.dll
0x00007ff84c180000 - 0x00007ff84c1ae000 	C:\Windows\System32\IMM32.DLL
0x00000000554a0000 - 0x0000000055572000 	C:\Program Files\Java\jre1.8.0_60\bin\msvcr100.dll
0x0000000055b30000 - 0x00000000563b9000 	C:\Program Files\Java\jre1.8.0_60\bin\server\jvm.dll
0x00007ff84ca10000 - 0x00007ff84ca18000 	C:\Windows\System32\PSAPI.DLL
0x00007ff83e3c0000 - 0x00007ff83e3c9000 	C:\Windows\SYSTEM32\WSOCK32.dll
0x00007ff840590000 - 0x00007ff84059a000 	C:\Windows\SYSTEM32\VERSION.dll
0x00007ff846ba0000 - 0x00007ff846bc4000 	C:\Windows\SYSTEM32\WINMM.dll
0x00007ff84cbc0000 - 0x00007ff84cc2d000 	C:\Windows\System32\WS2_32.dll
0x00007ff8465b0000 - 0x00007ff8465dd000 	C:\Windows\SYSTEM32\winmmbase.dll
0x00007ff8494e0000 - 0x00007ff84952a000 	C:\Windows\System32\cfgmgr32.dll
0x0000000057270000 - 0x000000005727f000 	C:\Program Files\Java\jre1.8.0_60\bin\verify.dll
0x0000000055a20000 - 0x0000000055a49000 	C:\Program Files\Java\jre1.8.0_60\bin\java.dll
0x0000000055460000 - 0x0000000055495000 	C:\Program Files\Java\jre1.8.0_60\bin\jdwp.dll
0x0000000055450000 - 0x0000000055458000 	C:\Program Files\Java\jre1.8.0_60\bin\npt.dll
0x0000000055420000 - 0x0000000055443000 	C:\Program Files\Java\jre1.8.0_60\bin\instrument.dll
0x0000000055a00000 - 0x0000000055a16000 	C:\Program Files\Java\jre1.8.0_60\bin\zip.dll
0x00007ff84aab0000 - 0x00007ff84bfa0000 	C:\Windows\System32\SHELL32.dll
0x00007ff84a450000 - 0x00007ff84a4f8000 	C:\Windows\System32\shcore.dll
0x00007ff849a50000 - 0x00007ff84a19a000 	C:\Windows\System32\windows.storage.dll
0x00007ff849190000 - 0x00007ff8491b4000 	C:\Windows\System32\profapi.dll
0x00007ff8491c0000 - 0x00007ff84921d000 	C:\Windows\System32\powrprof.dll
0x00007ff84c860000 - 0x00007ff84c8b2000 	C:\Windows\System32\shlwapi.dll
0x00007ff849240000 - 0x00007ff849251000 	C:\Windows\System32\kernel.appcore.dll
0x00007ff84a3a0000 - 0x00007ff84a3b7000 	C:\Windows\System32\cryptsp.dll
0x0000000055410000 - 0x0000000055419000 	C:\Program Files\Java\jre1.8.0_60\bin\dt_socket.dll
0x00007ff837ab0000 - 0x00007ff837ac6000 	C:\Windows\system32\napinsp.dll
0x00007ff837400000 - 0x00007ff83741a000 	C:\Windows\system32\pnrpnsp.dll
0x00007ff8489d0000 - 0x00007ff848a37000 	C:\Windows\System32\mswsock.dll
0x00007ff848730000 - 0x00007ff8487f6000 	C:\Windows\SYSTEM32\DNSAPI.dll
0x00007ff84a3c0000 - 0x00007ff84a3c8000 	C:\Windows\System32\NSI.dll
0x00007ff8486f0000 - 0x00007ff84872d000 	C:\Windows\SYSTEM32\IPHLPAPI.DLL
0x00007ff8373f0000 - 0x00007ff8373fe000 	C:\Windows\System32\winrnr.dll
0x00007ff8459f0000 - 0x00007ff845a0b000 	C:\Windows\system32\NLAapi.dll
0x00007ff8373d0000 - 0x00007ff8373e5000 	C:\Windows\system32\wshbth.dll
0x00007ff83feb0000 - 0x00007ff83ff29000 	C:\Windows\System32\fwpuclnt.dll
0x00007ff849410000 - 0x00007ff849436000 	C:\Windows\System32\bcrypt.dll
0x00007ff83fe30000 - 0x00007ff83fe3a000 	C:\Windows\System32\rasadhlp.dll
0x0000000055400000 - 0x000000005540d000 	C:\Program Files\Java\jre1.8.0_60\bin\management.dll
0x00000000559e0000 - 0x00000000559fa000 	C:\Program Files\Java\jre1.8.0_60\bin\net.dll
0x00000000559c0000 - 0x00000000559d1000 	C:\Program Files\Java\jre1.8.0_60\bin\nio.dll
0x00007ff848550000 - 0x00007ff848583000 	C:\Windows\system32\rsaenh.dll
0x00007ff849090000 - 0x00007ff8490b8000 	C:\Windows\SYSTEM32\USERENV.dll
0x00007ff848ba0000 - 0x00007ff848bac000 	C:\Windows\SYSTEM32\CRYPTBASE.dll
0x00007ff840240000 - 0x00007ff840256000 	C:\Windows\SYSTEM32\dhcpcsvc6.DLL
0x00007ff840220000 - 0x00007ff84023c000 	C:\Windows\SYSTEM32\dhcpcsvc.DLL
0x0000000055970000 - 0x0000000055994000 	C:\Program Files\Java\jre1.8.0_60\bin\sunec.dll
0x00007ff839b80000 - 0x00007ff839d6d000 	C:\Windows\SYSTEM32\dbghelp.dll

VM Arguments:
jvm_args: -agentlib:jdwp=transport=dt_socket,suspend=y,address=localhost:64545 -javaagent:E:\Users\Asus\eclipse\java-2019-03\eclipse\configuration\org.eclipse.osgi\224\0\.cp\lib\javaagent-shaded.jar -Dfile.encoding=UTF-8 
java_command: com.example.spring_mybatis.SpringMybatisApplication
java_class_path (initial): C:\Users\Asus\Desktop\测试\权限管理系统\spring_mybatis\target\classes;C:\Users\Asus\.m2\repository\org\springframework\boot\spring-boot-starter-jdbc\2.2.0.BUILD-SNAPSHOT\spring-boot-starter-jdbc-2.2.0.BUILD-SNAPSHOT.jar;C:\Users\Asus\.m2\repository\org\springframework\boot\spring-boot-starter\2.2.0.BUILD-SNAPSHOT\spring-boot-starter-2.2.0.BUILD-SNAPSHOT.jar;C:\Users\Asus\.m2\repository\org\springframework\boot\spring-boot\2.2.0.BUILD-SNAPSHOT\spring-boot-2.2.0.BUILD-SNAPSHOT.jar;C:\Users\Asus\.m2\repository\org\springframework\boot\spring-boot-autoconfigure\2.2.0.BUILD-SNAPSHOT\spring-boot-autoconfigure-2.2.0.BUILD-SNAPSHOT.jar;C:\Users\Asus\.m2\repository\org\springframework\boot\spring-boot-starter-logging\2.2.0.BUILD-SNAPSHOT\spring-boot-starter-logging-2.2.0.BUILD-SNAPSHOT.jar;C:\Users\Asus\.m2\repository\ch\qos\logback\logback-classic\1.2.3\logback-classic-1.2.3.jar;C:\Users\Asus\.m2\repository\ch\qos\logback\logback-core\1.2.3\logback-core-1.2.3.jar;C:\Users\Asus\.m2\repository\org\apache\logging\log4j\log4j-to-slf4j\2.12.0\log4j-to-slf4j-2.12.0.jar;C:\Users\Asus\.m2\repository\org\apache\logging\log4j\log4j-api\2.12.0\log4j-api-2.12.0.jar;C:\Users\Asus\.m2\repository\org\slf4j\jul-to-slf4j\1.7.26\jul-to-slf4j-1.7.26.jar;C:\Users\Asus\.m2\repository\jakarta\annotation\jakarta.annotation-api\1.3.4\jakarta.annotation-api-1.3.4.jar;C:\Users\Asus\.m2\repository\org\yaml\snakeyaml\1.24\snakeyaml-1.24.jar;C:\Users\Asus\.m2\repository\com\zaxxer\HikariCP\3.3.1\HikariCP-3.3.1.jar;C:\Users\Asus\.m2\repository\org\slf4j\slf4j-api\1.7.26\slf4j-api-1.7.26.jar;C:\Users\Asus\.m2\repository\org\springframework\spring-jdbc\5.2.0.BUILD-SNAPSHOT\spring-jdbc-5.2.0.BUILD-SNAPSHOT.jar;C:\Users\Asus\.m2\repository\org\springframework\spring-beans\5.2.0.BUILD-SNAPSHOT\spring-beans-5.2.0.BUILD-SNAPSHOT.jar;C:\Users\Asus\.m2\repository\org\springframework\spring-tx\5.2.0.BUILD-SNAPSHOT\spring-tx-5.2.0.BUILD-SNAPSHOT.jar;C:\Users\Asus\.m2\repository\org\spr
Launcher Type: SUN_STANDARD

Environment Variables:
JAVA_HOME=C:\Program Files\Java\jdk1.8.0_60
CLASSPATH=.;C:\Program Files\Java\jdk1.8.0_60\lib\dt.jar;C:\Program Files\Java\jdk1.8.0_60\lib\tools.jar; 
PATH=C:/Program Files/Java/jre1.8.0_60/bin/server;C:/Program Files/Java/jre1.8.0_60/bin;C:/Program Files/Java/jre1.8.0_60/lib/amd64;C:\ProgramData\Oracle\Java\javapath;C:\Windows\system32;C:\Windows;C:\Windows\System32\Wbem;C:\Windows\System32\WindowsPowerShell\v1.0\;C:\Windows\System32\OpenSSH\;C:\Program Files (x86)\Intel\Intel(R) Management Engine Components\DAL;C:\Program Files\Intel\Intel(R) Management Engine Components\DAL;C:\Program Files\NVIDIA Corporation\NVIDIA NGX;C:\Program Files (x86)\NVIDIA Corporation\PhysX\Common;C:\Program Files\Java\jdk1.8.0_60\bin;C:\Program Files\Java\jdk1.8.0_60\jre\bin;C:\Program Files\TortoiseSVN\bin;C:\Program Files\MySQL\MySQL Shell 8.0\bin\;C:\Users\Asus\Desktop;
USERNAME=Asus
OS=Windows_NT
PROCESSOR_IDENTIFIER=Intel64 Family 6 Model 158 Stepping 10, GenuineIntel



---------------  S Y S T E M  ---------------

OS: Windows 10.0 , 64 bit Build 17763 (10.0.17763.475)

CPU:total 6 (6 cores per cpu, 1 threads per core) family 6 model 158 stepping 10, cmov, cx8, fxsr, mmx, sse, sse2, sse3, ssse3, sse4.1, sse4.2, popcnt, avx, avx2, aes, clmul, erms, 3dnowpref, lzcnt, tsc, tscinvbit, bmi1, bmi2, adx

Memory: 4k page, physical 8248244k(2608372k free), swap 14135904k(6220848k free)

vm_info: Java HotSpot(TM) 64-Bit Server VM (25.60-b23) for windows-amd64 JRE (1.8.0_60-b27), built on Aug  4 2015 11:06:27 by "java_re" with MS VC++ 10.0 (VS2010)

time: Mon Sep 02 09:38:46 2019
elapsed time: 299 seconds (0d 0h 4m 59s)

