#
# A fatal error has been detected by the Java Runtime Environment:
#
#  EXCEPTION_ACCESS_VIOLATION (0xc0000005) at pc=0x0000000055c58845, pid=1624, tid=14548
#
# JRE version: Java(TM) SE Runtime Environment (8.0_60-b27) (build 1.8.0_60-b27)
# Java VM: Java HotSpot(TM) 64-Bit Server VM (25.60-b23 mixed mode windows-amd64 compressed oops)
# Problematic frame:
# V  [jvm.dll+0x128845]
#
# Failed to write core dump. Minidumps are not enabled by default on client versions of Windows
#
# If you would like to submit a bug report, please visit:
#   http://bugreport.java.com/bugreport/crash.jsp
#

---------------  T H R E A D  ---------------

Current thread (0x0000000019090800):  JavaThread "JDWP Transport Listener: dt_socket" daemon [_thread_in_vm, id=14548, stack(0x0000000019640000,0x0000000019740000)]

siginfo: ExceptionCode=0xc0000005, reading address 0xffffffffffffffff

Registers:
RAX=0x000000001973f201, RBX=0x0000000019090800, RCX=0x6e6f69003b656400, RDX=0x0000000000000000
RSP=0x000000001973f200, RBP=0x6e6f69003b656400, RSI=0x000000001973f318, RDI=0x0000000002728690
R8 =0x0000000019090800, R9 =0x0000000000008000, R10=0x0000000000000000, R11=0x0000000025155494
R12=0x0000000000000000, R13=0x0000000019098518, R14=0x0000000000000000, R15=0x0000000000000000
RIP=0x0000000055c58845, EFLAGS=0x0000000000010206

Top of Stack: (sp=0x000000001973f200)
0x000000001973f200:   0000000019090800 0000000019090800
0x000000001973f210:   000000001973f2c8 0000000055e5e18b
0x000000001973f220:   0000000019090800 0000000055e7a9ed
0x000000001973f230:   0000000000000000 0000000055469155
0x000000001973f240:   0000000021710a40 000000005547291e
0x000000001973f250:   0000000019090800 0000000000000000
0x000000001973f260:   0000000000000000 0000000000000000
0x000000001973f270:   6e6f69003b656400 0000000055471a15
0x000000001973f280:   000000001973f318 000000001973f2f0
0x000000001973f290:   0000000000000001 0000000021710a40
0x000000001973f2a0:   6e6f69003b656400 00000000554553b3
0x000000001973f2b0:   000000001973f3e0 0000000000000001
0x000000001973f2c0:   0000000000000001 0000000021710a40
0x000000001973f2d0:   00000000f000100a 0000000000000000
0x000000001973f2e0:   0000000000000000 0000000000000000
0x000000001973f2f0:   0000000000000001 0000000055455571 

Instructions: (pc=0x0000000055c58845)
0x0000000055c58825:   cc cc cc cc cc cc cc cc cc cc cc 48 83 ec 28 48
0x0000000055c58835:   85 c9 75 07 33 c0 48 83 c4 28 c3 48 89 5c 24 20
0x0000000055c58845:   48 8b 19 48 85 db 74 20 48 83 fb 37 74 1a 48 8b
0x0000000055c58855:   13 48 8b cb ff 52 10 84 c0 74 0d 48 8b c3 48 8b 


Register to memory mapping:

RAX=0x000000001973f201 is pointing into the stack for thread: 0x0000000019090800
RBX=0x0000000019090800 is a thread
RCX=0x6e6f69003b656400 is an unknown value
RDX=0x0000000000000000 is an unknown value
RSP=0x000000001973f200 is pointing into the stack for thread: 0x0000000019090800
RBP=0x6e6f69003b656400 is an unknown value
RSI=0x000000001973f318 is pointing into the stack for thread: 0x0000000019090800
RDI=0x0000000002728690 is an unknown value
R8 =0x0000000019090800 is a thread
R9 =0x0000000000008000 is an unknown value
R10=0x0000000000000000 is an unknown value
R11=0x0000000025155494 is an unknown value
R12=0x0000000000000000 is an unknown value
R13=0x0000000019098518 is an unknown value
R14=0x0000000000000000 is an unknown value
R15=0x0000000000000000 is an unknown value


Stack: [0x0000000019640000,0x0000000019740000],  sp=0x000000001973f200,  free space=1020k
Native frames: (J=compiled Java code, j=interpreted, Vv=VM code, C=native code)
V  [jvm.dll+0x128845]
V  [jvm.dll+0x34a9ed]
C  [jdwp.dll+0x21a15]
C  [jdwp.dll+0x53b3]
C  [jdwp.dll+0x5571]
C  [jdwp.dll+0xf0a8]
C  [jdwp.dll+0x1f2d5]
C  [jdwp.dll+0x1f4aa]
V  [jvm.dll+0x1bb8e8]
V  [jvm.dll+0x243134]
V  [jvm.dll+0x299f6a]
C  [msvcr100.dll+0x21d9f]
C  [msvcr100.dll+0x21e3b]
C  [KERNEL32.DLL+0x17974]
C  [ntdll.dll+0x6a271]


---------------  P R O C E S S  ---------------

Java Threads: ( => current thread )
  0x0000000020a18000 JavaThread "HikariPool-1 housekeeper" daemon [_thread_blocked, id=11888, stack(0x0000000026b60000,0x0000000026c60000)]
  0x0000000020a1d000 JavaThread "DestroyJavaVM" [_thread_blocked, id=8696, stack(0x0000000002610000,0x0000000002710000)]
  0x00000000190a1800 JavaThread "http-nio-8888-Acceptor" daemon [_thread_in_native, id=6280, stack(0x00000000262a0000,0x00000000263a0000)]
  0x00000000190a1000 JavaThread "http-nio-8888-ClientPoller" daemon [_thread_in_native, id=10184, stack(0x00000000261a0000,0x00000000262a0000)]
  0x00000000190a3000 JavaThread "http-nio-8888-exec-10" daemon [_thread_blocked, id=14688, stack(0x00000000260a0000,0x00000000261a0000)]
  0x000000001909d800 JavaThread "http-nio-8888-exec-9" daemon [_thread_blocked, id=11392, stack(0x0000000025fa0000,0x00000000260a0000)]
  0x00000000190a2800 JavaThread "http-nio-8888-exec-8" daemon [_thread_blocked, id=17064, stack(0x0000000025ea0000,0x0000000025fa0000)]
  0x000000001909d000 JavaThread "http-nio-8888-exec-7" daemon [_thread_blocked, id=6152, stack(0x0000000025da0000,0x0000000025ea0000)]
  0x000000001b146800 JavaThread "http-nio-8888-exec-6" daemon [_thread_blocked, id=15692, stack(0x0000000025ca0000,0x0000000025da0000)]
  0x000000002150f800 JavaThread "http-nio-8888-exec-5" daemon [_thread_blocked, id=4216, stack(0x0000000025ba0000,0x0000000025ca0000)]
  0x0000000020d16800 JavaThread "http-nio-8888-exec-4" daemon [_thread_blocked, id=14776, stack(0x0000000025aa0000,0x0000000025ba0000)]
  0x00000000250a7800 JavaThread "http-nio-8888-exec-3" daemon [_thread_blocked, id=10776, stack(0x00000000259a0000,0x0000000025aa0000)]
  0x00000000233a7000 JavaThread "http-nio-8888-exec-2" daemon [_thread_blocked, id=7332, stack(0x00000000258a0000,0x00000000259a0000)]
  0x0000000021ec9800 JavaThread "http-nio-8888-exec-1" daemon [_thread_blocked, id=5232, stack(0x0000000024710000,0x0000000024810000)]
  0x0000000021ec8800 JavaThread "http-nio-8888-BlockPoller" daemon [_thread_in_native, id=11652, stack(0x0000000024610000,0x0000000024710000)]
  0x000000001c41a000 JavaThread "mysql-cj-abandoned-connection-cleanup" daemon [_thread_blocked, id=5924, stack(0x0000000024310000,0x0000000024410000)]
  0x000000001b0f9800 JavaThread "container-0" [_thread_blocked, id=6408, stack(0x000000001fe20000,0x000000001ff20000)]
  0x00000000238e8800 JavaThread "Catalina-utility-2" [_thread_blocked, id=17476, stack(0x000000001fd20000,0x000000001fe20000)]
  0x00000000234c4000 JavaThread "Catalina-utility-1" [_thread_blocked, id=13820, stack(0x000000001f560000,0x000000001f660000)]
  0x0000000019413800 JavaThread "Service Thread" daemon [_thread_blocked, id=8008, stack(0x0000000019c40000,0x0000000019d40000)]
  0x0000000019392800 JavaThread "C1 CompilerThread2" daemon [_thread_blocked, id=5060, stack(0x0000000019b40000,0x0000000019c40000)]
  0x0000000019390000 JavaThread "C2 CompilerThread1" daemon [_thread_blocked, id=8472, stack(0x0000000019a40000,0x0000000019b40000)]
  0x000000001938a800 JavaThread "C2 CompilerThread0" daemon [_thread_blocked, id=14476, stack(0x0000000019940000,0x0000000019a40000)]
  0x000000001909e800 JavaThread "JDWP Command Reader" daemon [_thread_in_native, id=5832, stack(0x0000000019840000,0x0000000019940000)]
  0x000000001909c000 JavaThread "JDWP Event Helper Thread" daemon [_thread_blocked, id=11764, stack(0x0000000019740000,0x0000000019840000)]
=>0x0000000019090800 JavaThread "JDWP Transport Listener: dt_socket" daemon [_thread_in_vm, id=14548, stack(0x0000000019640000,0x0000000019740000)]
  0x0000000019083800 JavaThread "Attach Listener" daemon [_thread_blocked, id=10636, stack(0x0000000019540000,0x0000000019640000)]
  0x00000000176ee800 JavaThread "Signal Dispatcher" daemon [_thread_blocked, id=10172, stack(0x0000000019440000,0x0000000019540000)]
  0x00000000029bb800 JavaThread "Finalizer" daemon [_thread_blocked, id=17352, stack(0x0000000018f40000,0x0000000019040000)]
  0x000000001769b000 JavaThread "Reference Handler" daemon [_thread_blocked, id=18300, stack(0x0000000018e40000,0x0000000018f40000)]

Other Threads:
  0x0000000017698000 VMThread [stack: 0x0000000018d40000,0x0000000018e40000] [id=8660]
  0x0000000019437800 WatcherThread [stack: 0x000000001a540000,0x000000001a640000] [id=17564]

VM state:not at safepoint (normal execution)

VM Mutex/Monitor currently owned by a thread: None

Heap:
 PSYoungGen      total 239104K, used 49410K [0x00000000d6100000, 0x00000000ea200000, 0x0000000100000000)
  eden space 228352K, 16% used [0x00000000d6100000,0x00000000d86c7030,0x00000000e4000000)
  from space 10752K, 99% used [0x00000000e4000000,0x00000000e4a79950,0x00000000e4a80000)
  to   space 13312K, 0% used [0x00000000e9500000,0x00000000e9500000,0x00000000ea200000)
 ParOldGen       total 70656K, used 16948K [0x0000000082200000, 0x0000000086700000, 0x00000000d6100000)
  object space 70656K, 23% used [0x0000000082200000,0x000000008328d3a8,0x0000000086700000)
 Metaspace       used 45804K, capacity 47966K, committed 48216K, reserved 1091584K
  class space    used 5764K, capacity 6155K, committed 6272K, reserved 1048576K

Card table byte_map: [0x0000000011d80000,0x0000000012170000] byte_map_base: 0x000000001196f000

Marking Bits: (ParMarkBitMap*) 0x000000005633a5b0
 Begin Bits: [0x0000000012a10000, 0x0000000014988000)
 End Bits:   [0x0000000014988000, 0x0000000016900000)

Polling page: 0x0000000000550000

CodeCache: size=245760Kb used=15067Kb max_used=15067Kb free=230692Kb
 bounds [0x00000000029c0000, 0x0000000003890000, 0x00000000119c0000]
 total_blobs=5047 nmethods=4544 adapters=422
 compilation: enabled

Compilation events (10 events):
Event: 130.046 Thread 0x0000000019392800 5028       3       java.util.concurrent.locks.AbstractQueuedSynchronizer::enq (58 bytes)
Event: 130.046 Thread 0x0000000019392800 nmethod 5028 0x00000000038362d0 code [0x0000000003836460, 0x0000000003836990]
Event: 130.292 Thread 0x0000000019392800 5029   !   3       org.apache.tomcat.util.net.NioEndpoint$Poller::events (119 bytes)
Event: 130.292 Thread 0x0000000019392800 nmethod 5029 0x0000000003880c50 code [0x0000000003880e80, 0x0000000003881ae8]
Event: 132.046 Thread 0x0000000019392800 5030       1       org.apache.coyote.AbstractProtocol::access$000 (5 bytes)
Event: 132.046 Thread 0x0000000019392800 nmethod 5030 0x0000000003836010 code [0x0000000003836160, 0x0000000003836250]
Event: 132.967 Thread 0x0000000019392800 5032       3       java.util.TreeSet::add (22 bytes)
Event: 132.968 Thread 0x0000000019392800 nmethod 5032 0x0000000003835b50 code [0x0000000003835cc0, 0x0000000003835f68]
Event: 132.968 Thread 0x0000000019392800 5031       1       org.apache.catalina.valves.ValveBase::getNext (5 bytes)
Event: 132.968 Thread 0x0000000019392800 nmethod 5031 0x0000000003835890 code [0x00000000038359e0, 0x0000000003835af0]

GC Heap History (10 events):
Event: 1.397 GC heap before
{Heap before GC invocations=7 (full 1):
 PSYoungGen      total 138752K, used 5032K [0x00000000d6100000, 0x00000000df100000, 0x0000000100000000)
  eden space 131072K, 0% used [0x00000000d6100000,0x00000000d6100000,0x00000000de100000)
  from space 7680K, 65% used [0x00000000de980000,0x00000000dee6a068,0x00000000df100000)
  to   space 8192K, 0% used [0x00000000de100000,0x00000000de100000,0x00000000de900000)
 ParOldGen       total 86016K, used 3772K [0x0000000082200000, 0x0000000087600000, 0x00000000d6100000)
  object space 86016K, 4% used [0x0000000082200000,0x00000000825af098,0x0000000087600000)
 Metaspace       used 20619K, capacity 21220K, committed 21248K, reserved 1067008K
  class space    used 2636K, capacity 2802K, committed 2816K, reserved 1048576K
Event: 1.418 GC heap after
Heap after GC invocations=7 (full 1):
 PSYoungGen      total 138752K, used 0K [0x00000000d6100000, 0x00000000df100000, 0x0000000100000000)
  eden space 131072K, 0% used [0x00000000d6100000,0x00000000d6100000,0x00000000de100000)
  from space 7680K, 0% used [0x00000000de980000,0x00000000de980000,0x00000000df100000)
  to   space 8192K, 0% used [0x00000000de100000,0x00000000de100000,0x00000000de900000)
 ParOldGen       total 47616K, used 5408K [0x0000000082200000, 0x0000000085080000, 0x00000000d6100000)
  object space 47616K, 11% used [0x0000000082200000,0x0000000082748028,0x0000000085080000)
 Metaspace       used 20617K, capacity 21214K, committed 21248K, reserved 1067008K
  class space    used 2636K, capacity 2801K, committed 2816K, reserved 1048576K
}
Event: 2.344 GC heap before
{Heap before GC invocations=8 (full 1):
 PSYoungGen      total 138752K, used 131072K [0x00000000d6100000, 0x00000000df100000, 0x0000000100000000)
  eden space 131072K, 100% used [0x00000000d6100000,0x00000000de100000,0x00000000de100000)
  from space 7680K, 0% used [0x00000000de980000,0x00000000de980000,0x00000000df100000)
  to   space 8192K, 0% used [0x00000000de100000,0x00000000de100000,0x00000000de900000)
 ParOldGen       total 47616K, used 5408K [0x0000000082200000, 0x0000000085080000, 0x00000000d6100000)
  object space 47616K, 11% used [0x0000000082200000,0x0000000082748028,0x0000000085080000)
 Metaspace       used 27004K, capacity 28020K, committed 28160K, reserved 1073152K
  class space    used 3479K, capacity 3714K, committed 3840K, reserved 1048576K
Event: 2.351 GC heap after
Heap after GC invocations=8 (full 1):
 PSYoungGen      total 139264K, used 8162K [0x00000000d6100000, 0x00000000e5500000, 0x0000000100000000)
  eden space 131072K, 0% used [0x00000000d6100000,0x00000000d6100000,0x00000000de100000)
  from space 8192K, 99% used [0x00000000de100000,0x00000000de8f8a18,0x00000000de900000)
  to   space 9728K, 0% used [0x00000000e4b80000,0x00000000e4b80000,0x00000000e5500000)
 ParOldGen       total 47616K, used 6498K [0x0000000082200000, 0x0000000085080000, 0x00000000d6100000)
  object space 47616K, 13% used [0x0000000082200000,0x00000000828589e8,0x0000000085080000)
 Metaspace       used 27004K, capacity 28020K, committed 28160K, reserved 1073152K
  class space    used 3479K, capacity 3714K, committed 3840K, reserved 1048576K
}
Event: 3.184 GC heap before
{Heap before GC invocations=9 (full 1):
 PSYoungGen      total 139264K, used 97240K [0x00000000d6100000, 0x00000000e5500000, 0x0000000100000000)
  eden space 131072K, 67% used [0x00000000d6100000,0x00000000db7fd5f8,0x00000000de100000)
  from space 8192K, 99% used [0x00000000de100000,0x00000000de8f8a18,0x00000000de900000)
  to   space 9728K, 0% used [0x00000000e4b80000,0x00000000e4b80000,0x00000000e5500000)
 ParOldGen       total 47616K, used 6498K [0x0000000082200000, 0x0000000085080000, 0x00000000d6100000)
  object space 47616K, 13% used [0x0000000082200000,0x00000000828589e8,0x0000000085080000)
 Metaspace       used 33833K, capacity 35342K, committed 35416K, reserved 1079296K
  class space    used 4376K, capacity 4671K, committed 4736K, reserved 1048576K
Event: 3.192 GC heap after
Heap after GC invocations=9 (full 1):
 PSYoungGen      total 234496K, used 9482K [0x00000000d6100000, 0x00000000e5500000, 0x0000000100000000)
  eden space 224768K, 0% used [0x00000000d6100000,0x00000000d6100000,0x00000000e3c80000)
  from space 9728K, 97% used [0x00000000e4b80000,0x00000000e54c2868,0x00000000e5500000)
  to   space 10752K, 0% used [0x00000000e4000000,0x00000000e4000000,0x00000000e4a80000)
 ParOldGen       total 47616K, used 6570K [0x0000000082200000, 0x0000000085080000, 0x00000000d6100000)
  object space 47616K, 13% used [0x0000000082200000,0x000000008286a9f8,0x0000000085080000)
 Metaspace       used 33833K, capacity 35342K, committed 35416K, reserved 1079296K
  class space    used 4376K, capacity 4671K, committed 4736K, reserved 1048576K
}
Event: 3.192 GC heap before
{Heap before GC invocations=10 (full 2):
 PSYoungGen      total 234496K, used 9482K [0x00000000d6100000, 0x00000000e5500000, 0x0000000100000000)
  eden space 224768K, 0% used [0x00000000d6100000,0x00000000d6100000,0x00000000e3c80000)
  from space 9728K, 97% used [0x00000000e4b80000,0x00000000e54c2868,0x00000000e5500000)
  to   space 10752K, 0% used [0x00000000e4000000,0x00000000e4000000,0x00000000e4a80000)
 ParOldGen       total 47616K, used 6570K [0x0000000082200000, 0x0000000085080000, 0x00000000d6100000)
  object space 47616K, 13% used [0x0000000082200000,0x000000008286a9f8,0x0000000085080000)
 Metaspace       used 33833K, capacity 35342K, committed 35416K, reserved 1079296K
  class space    used 4376K, capacity 4671K, committed 4736K, reserved 1048576K
Event: 3.244 GC heap after
Heap after GC invocations=10 (full 2):
 PSYoungGen      total 234496K, used 0K [0x00000000d6100000, 0x00000000e5500000, 0x0000000100000000)
  eden space 224768K, 0% used [0x00000000d6100000,0x00000000d6100000,0x00000000e3c80000)
  from space 9728K, 0% used [0x00000000e4b80000,0x00000000e4b80000,0x00000000e5500000)
  to   space 10752K, 0% used [0x00000000e4000000,0x00000000e4000000,0x00000000e4a80000)
 ParOldGen       total 70656K, used 13626K [0x0000000082200000, 0x0000000086700000, 0x00000000d6100000)
  object space 70656K, 19% used [0x0000000082200000,0x0000000082f4e980,0x0000000086700000)
 Metaspace       used 33833K, capacity 35342K, committed 35416K, reserved 1079296K
  class space    used 4376K, capacity 4671K, committed 4736K, reserved 1048576K
}
Event: 7.671 GC heap before
{Heap before GC invocations=11 (full 2):
 PSYoungGen      total 234496K, used 224768K [0x00000000d6100000, 0x00000000e5500000, 0x0000000100000000)
  eden space 224768K, 100% used [0x00000000d6100000,0x00000000e3c80000,0x00000000e3c80000)
  from space 9728K, 0% used [0x00000000e4b80000,0x00000000e4b80000,0x00000000e5500000)
  to   space 10752K, 0% used [0x00000000e4000000,0x00000000e4000000,0x00000000e4a80000)
 ParOldGen       total 70656K, used 13626K [0x0000000082200000, 0x0000000086700000, 0x00000000d6100000)
  object space 70656K, 19% used [0x0000000082200000,0x0000000082f4e980,0x0000000086700000)
 Metaspace       used 44458K, capacity 46562K, committed 46680K, reserved 1089536K
  class space    used 5624K, capacity 5979K, committed 6016K, reserved 1048576K
Event: 7.683 GC heap after
Heap after GC invocations=11 (full 2):
 PSYoungGen      total 239104K, used 10726K [0x00000000d6100000, 0x00000000ea200000, 0x0000000100000000)
  eden space 228352K, 0% used [0x00000000d6100000,0x00000000d6100000,0x00000000e4000000)
  from space 10752K, 99% used [0x00000000e4000000,0x00000000e4a79950,0x00000000e4a80000)
  to   space 13312K, 0% used [0x00000000e9500000,0x00000000e9500000,0x00000000ea200000)
 ParOldGen       total 70656K, used 16948K [0x0000000082200000, 0x0000000086700000, 0x00000000d6100000)
  object space 70656K, 23% used [0x0000000082200000,0x000000008328d3a8,0x0000000086700000)
 Metaspace       used 44458K, capacity 46562K, committed 46680K, reserved 1089536K
  class space    used 5624K, capacity 5979K, committed 6016K, reserved 1048576K
}

Deoptimization events (10 events):
Event: 26.086 Thread 0x00000000233a7000 Uncommon trap: reason=unhandled action=none pc=0x0000000002ba37d4 method=java.net.URLClassLoader.findClass(Ljava/lang/String;)Ljava/lang/Class; @ 44
Event: 26.088 Thread 0x00000000233a7000 Uncommon trap: reason=unhandled action=none pc=0x0000000002ba37d4 method=java.net.URLClassLoader.findClass(Ljava/lang/String;)Ljava/lang/Class; @ 44
Event: 26.088 Thread 0x00000000233a7000 Uncommon trap: reason=unhandled action=none pc=0x0000000002ba37d4 method=java.net.URLClassLoader.findClass(Ljava/lang/String;)Ljava/lang/Class; @ 44
Event: 26.089 Thread 0x00000000233a7000 Uncommon trap: reason=unhandled action=none pc=0x0000000002ba37d4 method=java.net.URLClassLoader.findClass(Ljava/lang/String;)Ljava/lang/Class; @ 44
Event: 26.089 Thread 0x00000000233a7000 Uncommon trap: reason=unhandled action=none pc=0x0000000002ba37d4 method=java.net.URLClassLoader.findClass(Ljava/lang/String;)Ljava/lang/Class; @ 44
Event: 26.090 Thread 0x00000000233a7000 Uncommon trap: reason=unhandled action=none pc=0x0000000002ba37d4 method=java.net.URLClassLoader.findClass(Ljava/lang/String;)Ljava/lang/Class; @ 44
Event: 26.090 Thread 0x00000000233a7000 Uncommon trap: reason=unhandled action=none pc=0x0000000002ba37d4 method=java.net.URLClassLoader.findClass(Ljava/lang/String;)Ljava/lang/Class; @ 44
Event: 26.091 Thread 0x00000000233a7000 Uncommon trap: reason=unhandled action=none pc=0x0000000002ba37d4 method=java.net.URLClassLoader.findClass(Ljava/lang/String;)Ljava/lang/Class; @ 44
Event: 26.092 Thread 0x00000000233a7000 Uncommon trap: reason=unhandled action=none pc=0x0000000002ba37d4 method=java.net.URLClassLoader.findClass(Ljava/lang/String;)Ljava/lang/Class; @ 44
Event: 26.243 Thread 0x00000000190a1000 Uncommon trap: reason=unstable_if action=reinterpret pc=0x0000000002c7a27c method=java.util.HashMap$HashIterator.<init>(Ljava/util/HashMap;)V @ 45

Internal exceptions (10 events):
Event: 7.804 Thread 0x0000000021ec9800 Exception <a 'java/lang/ArrayIndexOutOfBoundsException': 101> (0x00000000d7976a98) thrown at [C:\re\workspace\8-2-build-windows-amd64-cygwin\jdk8u60\4407\hotspot\src\share\vm\interpreter\interpreterRuntime.cpp, line 366]
Event: 7.804 Thread 0x0000000021ec9800 Exception <a 'java/lang/ArrayIndexOutOfBoundsException': 63> (0x00000000d7978160) thrown at [C:\re\workspace\8-2-build-windows-amd64-cygwin\jdk8u60\4407\hotspot\src\share\vm\interpreter\interpreterRuntime.cpp, line 366]
Event: 7.804 Thread 0x0000000021ec9800 Exception <a 'java/lang/ArrayIndexOutOfBoundsException': 66> (0x00000000d7979a28) thrown at [C:\re\workspace\8-2-build-windows-amd64-cygwin\jdk8u60\4407\hotspot\src\share\vm\interpreter\interpreterRuntime.cpp, line 366]
Event: 7.806 Thread 0x0000000021ec9800 Exception <a 'java/lang/ArrayIndexOutOfBoundsException': 149> (0x00000000d79973c0) thrown at [C:\re\workspace\8-2-build-windows-amd64-cygwin\jdk8u60\4407\hotspot\src\share\vm\interpreter\interpreterRuntime.cpp, line 366]
Event: 11.272 Thread 0x00000000233a7000 Exception <a 'java/lang/ArrayIndexOutOfBoundsException': 84> (0x00000000d803d4f0) thrown at [C:\re\workspace\8-2-build-windows-amd64-cygwin\jdk8u60\4407\hotspot\src\share\vm\interpreter\interpreterRuntime.cpp, line 366]
Event: 17.114 Thread 0x00000000233a7000 Exception <a 'java/lang/reflect/InvocationTargetException'> (0x00000000d8072300) thrown at [C:\re\workspace\8-2-build-windows-amd64-cygwin\jdk8u60\4407\hotspot\src\share\vm\runtime\reflection.cpp, line 1092]
Event: 17.126 Thread 0x00000000233a7000 Exception <a 'java/lang/reflect/InvocationTargetException'> (0x00000000d807cce0) thrown at [C:\re\workspace\8-2-build-windows-amd64-cygwin\jdk8u60\4407\hotspot\src\share\vm\runtime\reflection.cpp, line 1092]
Event: 26.077 Thread 0x00000000233a7000 Exception <a 'java/lang/ArrayIndexOutOfBoundsException': 137> (0x00000000d8257bc0) thrown at [C:\re\workspace\8-2-build-windows-amd64-cygwin\jdk8u60\4407\hotspot\src\share\vm\interpreter\interpreterRuntime.cpp, line 366]
Event: 26.083 Thread 0x00000000233a7000 Exception <a 'java/lang/ArrayIndexOutOfBoundsException': 64> (0x00000000d82d4f00) thrown at [C:\re\workspace\8-2-build-windows-amd64-cygwin\jdk8u60\4407\hotspot\src\share\vm\interpreter\interpreterRuntime.cpp, line 366]
Event: 26.085 Thread 0x00000000233a7000 Exception <a 'java/lang/ArrayIndexOutOfBoundsException': 83> (0x00000000d82f3470) thrown at [C:\re\workspace\8-2-build-windows-amd64-cygwin\jdk8u60\4407\hotspot\src\share\vm\interpreter\interpreterRuntime.cpp, line 366]

Events (10 events):
Event: 26.093 Executing VM operation: RevokeBias
Event: 26.093 Executing VM operation: RevokeBias done
Event: 26.093 Thread 0x0000000019392800 flushing nmethod 0x0000000003650650
Event: 26.093 Thread 0x0000000019392800 flushing nmethod 0x00000000036978d0
Event: 26.094 Thread 0x0000000019392800 flushing nmethod 0x00000000036ef810
Event: 26.243 Thread 0x00000000190a1000 Uncommon trap: trap_request=0xffffff65 fr.pc=0x0000000002c7a27c
Event: 26.243 Thread 0x00000000190a1000 DEOPT PACKING pc=0x0000000002c7a27c sp=0x000000002629edb0
Event: 26.243 Thread 0x00000000190a1000 DEOPT UNPACKING pc=0x0000000002a0582a sp=0x000000002629ec58 mode 2
Event: 133.746 Executing VM operation: RedefineClasses
Event: 133.767 Executing VM operation: RedefineClasses done


Dynamic libraries:
0x00007ff6511a0000 - 0x00007ff6511d7000 	C:\Program Files\Java\jre1.8.0_60\bin\javaw.exe
0x00007ff84d190000 - 0x00007ff84d37d000 	C:\Windows\SYSTEM32\ntdll.dll
0x00007ff84c400000 - 0x00007ff84c4b3000 	C:\Windows\System32\KERNEL32.DLL
0x00007ff849750000 - 0x00007ff8499e3000 	C:\Windows\System32\KERNELBASE.dll
0x00007ff84c960000 - 0x00007ff84ca03000 	C:\Windows\System32\ADVAPI32.dll
0x00007ff84c8c0000 - 0x00007ff84c95e000 	C:\Windows\System32\msvcrt.dll
0x00007ff84c360000 - 0x00007ff84c3fe000 	C:\Windows\System32\sechost.dll
0x00007ff84c730000 - 0x00007ff84c852000 	C:\Windows\System32\RPCRT4.dll
0x00007ff84ca20000 - 0x00007ff84cbb7000 	C:\Windows\System32\USER32.dll
0x00007ff84a1a0000 - 0x00007ff84a1c0000 	C:\Windows\System32\win32u.dll
0x00007ff84cc30000 - 0x00007ff84cc59000 	C:\Windows\System32\GDI32.dll
0x00007ff8495b0000 - 0x00007ff849749000 	C:\Windows\System32\gdi32full.dll
0x00007ff849440000 - 0x00007ff8494e0000 	C:\Windows\System32\msvcp_win.dll
0x00007ff849260000 - 0x00007ff84935a000 	C:\Windows\System32\ucrtbase.dll
0x00007ff8354c0000 - 0x00007ff835739000 	C:\Windows\WinSxS\amd64_microsoft.windows.common-controls_6595b64144ccf1df_6.0.17763.652_none_05b13fdc0722da13\COMCTL32.dll
0x00007ff84ccc0000 - 0x00007ff84cfec000 	C:\Windows\System32\combase.dll
0x00007ff849530000 - 0x00007ff8495ae000 	C:\Windows\System32\bcryptPrimitives.dll
0x00007ff84c180000 - 0x00007ff84c1ae000 	C:\Windows\System32\IMM32.DLL
0x00000000558b0000 - 0x0000000055982000 	C:\Program Files\Java\jre1.8.0_60\bin\msvcr100.dll
0x0000000055b30000 - 0x00000000563b9000 	C:\Program Files\Java\jre1.8.0_60\bin\server\jvm.dll
0x00007ff84ca10000 - 0x00007ff84ca18000 	C:\Windows\System32\PSAPI.DLL
0x00007ff83a440000 - 0x00007ff83a449000 	C:\Windows\SYSTEM32\WSOCK32.dll
0x00007ff840590000 - 0x00007ff84059a000 	C:\Windows\SYSTEM32\VERSION.dll
0x00007ff846ba0000 - 0x00007ff846bc4000 	C:\Windows\SYSTEM32\WINMM.dll
0x00007ff84cbc0000 - 0x00007ff84cc2d000 	C:\Windows\System32\WS2_32.dll
0x00007ff8465b0000 - 0x00007ff8465dd000 	C:\Windows\SYSTEM32\winmmbase.dll
0x00007ff8494e0000 - 0x00007ff84952a000 	C:\Windows\System32\cfgmgr32.dll
0x0000000057270000 - 0x000000005727f000 	C:\Program Files\Java\jre1.8.0_60\bin\verify.dll
0x0000000055a20000 - 0x0000000055a49000 	C:\Program Files\Java\jre1.8.0_60\bin\java.dll
0x0000000055450000 - 0x0000000055485000 	C:\Program Files\Java\jre1.8.0_60\bin\jdwp.dll
0x00000000558a0000 - 0x00000000558a8000 	C:\Program Files\Java\jre1.8.0_60\bin\npt.dll
0x0000000055420000 - 0x0000000055443000 	C:\Program Files\Java\jre1.8.0_60\bin\instrument.dll
0x0000000055a00000 - 0x0000000055a16000 	C:\Program Files\Java\jre1.8.0_60\bin\zip.dll
0x00007ff84aab0000 - 0x00007ff84bfa0000 	C:\Windows\System32\SHELL32.dll
0x00007ff84a450000 - 0x00007ff84a4f8000 	C:\Windows\System32\shcore.dll
0x00007ff849a50000 - 0x00007ff84a19a000 	C:\Windows\System32\windows.storage.dll
0x00007ff849190000 - 0x00007ff8491b4000 	C:\Windows\System32\profapi.dll
0x00007ff8491c0000 - 0x00007ff84921d000 	C:\Windows\System32\powrprof.dll
0x00007ff84c860000 - 0x00007ff84c8b2000 	C:\Windows\System32\shlwapi.dll
0x00007ff849240000 - 0x00007ff849251000 	C:\Windows\System32\kernel.appcore.dll
0x00007ff84a3a0000 - 0x00007ff84a3b7000 	C:\Windows\System32\cryptsp.dll
0x0000000055410000 - 0x0000000055419000 	C:\Program Files\Java\jre1.8.0_60\bin\dt_socket.dll
0x00007ff837ab0000 - 0x00007ff837ac6000 	C:\Windows\system32\napinsp.dll
0x00007ff837400000 - 0x00007ff83741a000 	C:\Windows\system32\pnrpnsp.dll
0x00007ff8489d0000 - 0x00007ff848a37000 	C:\Windows\System32\mswsock.dll
0x00007ff848730000 - 0x00007ff8487f6000 	C:\Windows\SYSTEM32\DNSAPI.dll
0x00007ff84a3c0000 - 0x00007ff84a3c8000 	C:\Windows\System32\NSI.dll
0x00007ff8486f0000 - 0x00007ff84872d000 	C:\Windows\SYSTEM32\IPHLPAPI.DLL
0x00007ff8373f0000 - 0x00007ff8373fe000 	C:\Windows\System32\winrnr.dll
0x00007ff8459f0000 - 0x00007ff845a0b000 	C:\Windows\system32\NLAapi.dll
0x00007ff8373d0000 - 0x00007ff8373e5000 	C:\Windows\system32\wshbth.dll
0x00007ff83feb0000 - 0x00007ff83ff29000 	C:\Windows\System32\fwpuclnt.dll
0x00007ff849410000 - 0x00007ff849436000 	C:\Windows\System32\bcrypt.dll
0x00007ff83fe30000 - 0x00007ff83fe3a000 	C:\Windows\System32\rasadhlp.dll
0x0000000055400000 - 0x000000005540d000 	C:\Program Files\Java\jre1.8.0_60\bin\management.dll
0x00000000559e0000 - 0x00000000559fa000 	C:\Program Files\Java\jre1.8.0_60\bin\net.dll
0x00000000559c0000 - 0x00000000559d1000 	C:\Program Files\Java\jre1.8.0_60\bin\nio.dll
0x00007ff848550000 - 0x00007ff848583000 	C:\Windows\system32\rsaenh.dll
0x00007ff849090000 - 0x00007ff8490b8000 	C:\Windows\SYSTEM32\USERENV.dll
0x00007ff848ba0000 - 0x00007ff848bac000 	C:\Windows\SYSTEM32\CRYPTBASE.dll
0x00007ff840240000 - 0x00007ff840256000 	C:\Windows\SYSTEM32\dhcpcsvc6.DLL
0x00007ff840220000 - 0x00007ff84023c000 	C:\Windows\SYSTEM32\dhcpcsvc.DLL
0x0000000055990000 - 0x00000000559b4000 	C:\Program Files\Java\jre1.8.0_60\bin\sunec.dll
0x00007ff839b80000 - 0x00007ff839d6d000 	C:\Windows\SYSTEM32\dbghelp.dll

VM Arguments:
jvm_args: -agentlib:jdwp=transport=dt_socket,suspend=y,address=localhost:49399 -javaagent:E:\Users\Asus\eclipse\java-2019-03\eclipse\configuration\org.eclipse.osgi\224\0\.cp\lib\javaagent-shaded.jar -Dfile.encoding=UTF-8 
java_command: com.example.spring_mybatis.SpringMybatisApplication
java_class_path (initial): C:\Users\Asus\Desktop\测试\权限管理系统\spring_mybatis\target\classes;C:\Users\Asus\.m2\repository\org\springframework\boot\spring-boot-starter-jdbc\2.2.0.BUILD-SNAPSHOT\spring-boot-starter-jdbc-2.2.0.BUILD-SNAPSHOT.jar;C:\Users\Asus\.m2\repository\org\springframework\boot\spring-boot-starter\2.2.0.BUILD-SNAPSHOT\spring-boot-starter-2.2.0.BUILD-SNAPSHOT.jar;C:\Users\Asus\.m2\repository\org\springframework\boot\spring-boot\2.2.0.BUILD-SNAPSHOT\spring-boot-2.2.0.BUILD-SNAPSHOT.jar;C:\Users\Asus\.m2\repository\org\springframework\boot\spring-boot-autoconfigure\2.2.0.BUILD-SNAPSHOT\spring-boot-autoconfigure-2.2.0.BUILD-SNAPSHOT.jar;C:\Users\Asus\.m2\repository\org\springframework\boot\spring-boot-starter-logging\2.2.0.BUILD-SNAPSHOT\spring-boot-starter-logging-2.2.0.BUILD-SNAPSHOT.jar;C:\Users\Asus\.m2\repository\ch\qos\logback\logback-classic\1.2.3\logback-classic-1.2.3.jar;C:\Users\Asus\.m2\repository\ch\qos\logback\logback-core\1.2.3\logback-core-1.2.3.jar;C:\Users\Asus\.m2\repository\org\apache\logging\log4j\log4j-to-slf4j\2.12.0\log4j-to-slf4j-2.12.0.jar;C:\Users\Asus\.m2\repository\org\apache\logging\log4j\log4j-api\2.12.0\log4j-api-2.12.0.jar;C:\Users\Asus\.m2\repository\org\slf4j\jul-to-slf4j\1.7.26\jul-to-slf4j-1.7.26.jar;C:\Users\Asus\.m2\repository\jakarta\annotation\jakarta.annotation-api\1.3.4\jakarta.annotation-api-1.3.4.jar;C:\Users\Asus\.m2\repository\org\yaml\snakeyaml\1.24\snakeyaml-1.24.jar;C:\Users\Asus\.m2\repository\com\zaxxer\HikariCP\3.3.1\HikariCP-3.3.1.jar;C:\Users\Asus\.m2\repository\org\slf4j\slf4j-api\1.7.26\slf4j-api-1.7.26.jar;C:\Users\Asus\.m2\repository\org\springframework\spring-jdbc\5.2.0.BUILD-SNAPSHOT\spring-jdbc-5.2.0.BUILD-SNAPSHOT.jar;C:\Users\Asus\.m2\repository\org\springframework\spring-beans\5.2.0.BUILD-SNAPSHOT\spring-beans-5.2.0.BUILD-SNAPSHOT.jar;C:\Users\Asus\.m2\repository\org\springframework\spring-tx\5.2.0.BUILD-SNAPSHOT\spring-tx-5.2.0.BUILD-SNAPSHOT.jar;C:\Users\Asus\.m2\repository\org\spr
Launcher Type: SUN_STANDARD

Environment Variables:
JAVA_HOME=C:\Program Files\Java\jdk1.8.0_60
CLASSPATH=.;C:\Program Files\Java\jdk1.8.0_60\lib\dt.jar;C:\Program Files\Java\jdk1.8.0_60\lib\tools.jar; 
PATH=C:/Program Files/Java/jre1.8.0_60/bin/server;C:/Program Files/Java/jre1.8.0_60/bin;C:/Program Files/Java/jre1.8.0_60/lib/amd64;C:\ProgramData\Oracle\Java\javapath;C:\Windows\system32;C:\Windows;C:\Windows\System32\Wbem;C:\Windows\System32\WindowsPowerShell\v1.0\;C:\Windows\System32\OpenSSH\;C:\Program Files (x86)\Intel\Intel(R) Management Engine Components\DAL;C:\Program Files\Intel\Intel(R) Management Engine Components\DAL;C:\Program Files\NVIDIA Corporation\NVIDIA NGX;C:\Program Files (x86)\NVIDIA Corporation\PhysX\Common;C:\Program Files\Java\jdk1.8.0_60\bin;C:\Program Files\Java\jdk1.8.0_60\jre\bin;C:\Program Files\TortoiseSVN\bin;C:\Program Files\MySQL\MySQL Shell 8.0\bin\;C:\Users\Asus\Desktop;
USERNAME=Asus
OS=Windows_NT
PROCESSOR_IDENTIFIER=Intel64 Family 6 Model 158 Stepping 10, GenuineIntel



---------------  S Y S T E M  ---------------

OS: Windows 10.0 , 64 bit Build 17763 (10.0.17763.475)

CPU:total 6 (6 cores per cpu, 1 threads per core) family 6 model 158 stepping 10, cmov, cx8, fxsr, mmx, sse, sse2, sse3, ssse3, sse4.1, sse4.2, popcnt, avx, avx2, aes, clmul, erms, 3dnowpref, lzcnt, tsc, tscinvbit, bmi1, bmi2, adx

Memory: 4k page, physical 8248244k(2977380k free), swap 14135904k(4236964k free)

vm_info: Java HotSpot(TM) 64-Bit Server VM (25.60-b23) for windows-amd64 JRE (1.8.0_60-b27), built on Aug  4 2015 11:06:27 by "java_re" with MS VC++ 10.0 (VS2010)

time: Thu Aug 29 13:56:00 2019
elapsed time: 133 seconds (0d 0h 2m 13s)

