#
# A fatal error has been detected by the Java Runtime Environment:
#
#  EXCEPTION_ACCESS_VIOLATION (0xc0000005) at pc=0x0000000055c58845, pid=16804, tid=8440
#
# JRE version: Java(TM) SE Runtime Environment (8.0_60-b27) (build 1.8.0_60-b27)
# Java VM: Java HotSpot(TM) 64-Bit Server VM (25.60-b23 mixed mode windows-amd64 compressed oops)
# Problematic frame:
# V  [jvm.dll+0x128845]
#
# Failed to write core dump. Minidumps are not enabled by default on client versions of Windows
#
# If you would like to submit a bug report, please visit:
#   http://bugreport.java.com/bugreport/crash.jsp
#

---------------  T H R E A D  ---------------

Current thread (0x0000000019301800):  JavaThread "JDWP Transport Listener: dt_socket" daemon [_thread_in_vm, id=8440, stack(0x00000000198b0000,0x00000000199b0000)]

siginfo: ExceptionCode=0xc0000005, reading address 0x00003b65003b003b

Registers:
RAX=0x00000000199af501, RBX=0x0000000019301800, RCX=0x00003b65003b003b, RDX=0x0000000000000000
RSP=0x00000000199af4b0, RBP=0x00003b65003b003b, RSI=0x00000000199af5c8, RDI=0x0000000002438690
R8 =0x0000000019301800, R9 =0x0000000000008000, R10=0x0000000000000000, R11=0x0000000020b9f1f3
R12=0x0000000000000000, R13=0x00000000192ff2a8, R14=0x0000000000000000, R15=0x0000000000000000
RIP=0x0000000055c58845, EFLAGS=0x0000000000010202

Top of Stack: (sp=0x00000000199af4b0)
0x00000000199af4b0:   0000000019301800 0000000019301800
0x00000000199af4c0:   00000000199af578 0000000055e5e18b
0x00000000199af4d0:   0000000019301800 0000000055e7a9ed
0x00000000199af4e0:   0000000000000000 0000000055469155
0x00000000199af4f0:   000000001b07bd80 000000005547291e
0x00000000199af500:   0000000019301800 0000000000000000
0x00000000199af510:   0000000000000000 0000000000000000
0x00000000199af520:   00003b65003b003b 0000000055471a15
0x00000000199af530:   00000000199af5c8 00000000199af5a0
0x00000000199af540:   0000000000000001 000000001b07bd80
0x00000000199af550:   00003b65003b003b 00000000554553b3
0x00000000199af560:   00000000199af690 0000000000000001
0x00000000199af570:   0000000000000001 000000001b07bd80
0x00000000199af580:   00000000f000100a 0000000000000000
0x00000000199af590:   0000000000000000 0000000000000000
0x00000000199af5a0:   0000000000000001 0000000055455571 

Instructions: (pc=0x0000000055c58845)
0x0000000055c58825:   cc cc cc cc cc cc cc cc cc cc cc 48 83 ec 28 48
0x0000000055c58835:   85 c9 75 07 33 c0 48 83 c4 28 c3 48 89 5c 24 20
0x0000000055c58845:   48 8b 19 48 85 db 74 20 48 83 fb 37 74 1a 48 8b
0x0000000055c58855:   13 48 8b cb ff 52 10 84 c0 74 0d 48 8b c3 48 8b 


Register to memory mapping:

RAX=0x00000000199af501 is pointing into the stack for thread: 0x0000000019301800
RBX=0x0000000019301800 is a thread
RCX=0x00003b65003b003b is an unknown value
RDX=0x0000000000000000 is an unknown value
RSP=0x00000000199af4b0 is pointing into the stack for thread: 0x0000000019301800
RBP=0x00003b65003b003b is an unknown value
RSI=0x00000000199af5c8 is pointing into the stack for thread: 0x0000000019301800
RDI=0x0000000002438690 is an unknown value
R8 =0x0000000019301800 is a thread
R9 =0x0000000000008000 is an unknown value
R10=0x0000000000000000 is an unknown value
R11=0x0000000020b9f1f3 is an unknown value
R12=0x0000000000000000 is an unknown value
R13=0x00000000192ff2a8 is an unknown value
R14=0x0000000000000000 is an unknown value
R15=0x0000000000000000 is an unknown value


Stack: [0x00000000198b0000,0x00000000199b0000],  sp=0x00000000199af4b0,  free space=1021k
Native frames: (J=compiled Java code, j=interpreted, Vv=VM code, C=native code)
V  [jvm.dll+0x128845]
V  [jvm.dll+0x34a9ed]
C  [jdwp.dll+0x21a15]
C  [jdwp.dll+0x53b3]
C  [jdwp.dll+0x5571]
C  [jdwp.dll+0xf0a8]
C  [jdwp.dll+0x1f2d5]
C  [jdwp.dll+0x1f4aa]
V  [jvm.dll+0x1bb8e8]
V  [jvm.dll+0x243134]
V  [jvm.dll+0x299f6a]
C  [msvcr100.dll+0x21d9f]
C  [msvcr100.dll+0x21e3b]
C  [KERNEL32.DLL+0x17974]
C  [ntdll.dll+0x6a271]


---------------  P R O C E S S  ---------------

Java Threads: ( => current thread )
  0x00000000207fe800 JavaThread "HikariPool-1 housekeeper" daemon [_thread_blocked, id=8016, stack(0x00000000274a0000,0x00000000275a0000)]
  0x0000000020804800 JavaThread "DestroyJavaVM" [_thread_blocked, id=4296, stack(0x00000000027f0000,0x00000000028f0000)]
  0x0000000020803800 JavaThread "http-nio-8888-Acceptor" daemon [_thread_in_native, id=5620, stack(0x0000000025e80000,0x0000000025f80000)]
  0x0000000020800800 JavaThread "http-nio-8888-ClientPoller" daemon [_thread_in_native, id=13376, stack(0x0000000025d80000,0x0000000025e80000)]
  0x0000000020805000 JavaThread "http-nio-8888-exec-10" daemon [_thread_blocked, id=8292, stack(0x0000000025c80000,0x0000000025d80000)]
  0x0000000020803000 JavaThread "http-nio-8888-exec-9" daemon [_thread_blocked, id=11716, stack(0x0000000024b20000,0x0000000024c20000)]
  0x0000000020802000 JavaThread "http-nio-8888-exec-8" daemon [_thread_blocked, id=18116, stack(0x0000000024a20000,0x0000000024b20000)]
  0x0000000020801800 JavaThread "http-nio-8888-exec-7" daemon [_thread_blocked, id=7780, stack(0x0000000024920000,0x0000000024a20000)]
  0x000000001f14f000 JavaThread "http-nio-8888-exec-6" daemon [_thread_blocked, id=15864, stack(0x0000000024820000,0x0000000024920000)]
  0x000000001d92d000 JavaThread "http-nio-8888-exec-5" daemon [_thread_blocked, id=2152, stack(0x0000000023500000,0x0000000023600000)]
  0x000000001d92c000 JavaThread "http-nio-8888-exec-4" daemon [_thread_blocked, id=5680, stack(0x0000000023400000,0x0000000023500000)]
  0x0000000020e62000 JavaThread "http-nio-8888-exec-3" daemon [_thread_blocked, id=11052, stack(0x0000000023300000,0x0000000023400000)]
  0x0000000020e61800 JavaThread "http-nio-8888-exec-2" daemon [_thread_blocked, id=10524, stack(0x0000000023200000,0x0000000023300000)]
  0x00000000209b5000 JavaThread "http-nio-8888-exec-1" daemon [_thread_blocked, id=9500, stack(0x0000000023100000,0x0000000023200000)]
  0x0000000022170800 JavaThread "http-nio-8888-BlockPoller" daemon [_thread_in_native, id=15652, stack(0x0000000023000000,0x0000000023100000)]
  0x0000000020c0d000 JavaThread "mysql-cj-abandoned-connection-cleanup" daemon [_thread_blocked, id=8748, stack(0x0000000022f00000,0x0000000023000000)]
  0x0000000021c10800 JavaThread "container-0" [_thread_blocked, id=1560, stack(0x0000000021390000,0x0000000021490000)]
  0x0000000020e63000 JavaThread "Catalina-utility-2" [_thread_blocked, id=8004, stack(0x000000001fde0000,0x000000001fee0000)]
  0x00000000207cc800 JavaThread "Catalina-utility-1" [_thread_blocked, id=7044, stack(0x000000001ea30000,0x000000001eb30000)]
  0x0000000019682800 JavaThread "Service Thread" daemon [_thread_blocked, id=5132, stack(0x0000000019eb0000,0x0000000019fb0000)]
  0x0000000019601000 JavaThread "C1 CompilerThread2" daemon [_thread_blocked, id=15488, stack(0x0000000019db0000,0x0000000019eb0000)]
  0x00000000195f5000 JavaThread "C2 CompilerThread1" daemon [_thread_blocked, id=5828, stack(0x0000000019cb0000,0x0000000019db0000)]
  0x00000000195f4000 JavaThread "C2 CompilerThread0" daemon [_thread_blocked, id=7428, stack(0x0000000019bb0000,0x0000000019cb0000)]
  0x000000001930d800 JavaThread "JDWP Command Reader" daemon [_thread_in_native, id=2644, stack(0x0000000019ab0000,0x0000000019bb0000)]
  0x000000001930c800 JavaThread "JDWP Event Helper Thread" daemon [_thread_blocked, id=13808, stack(0x00000000199b0000,0x0000000019ab0000)]
=>0x0000000019301800 JavaThread "JDWP Transport Listener: dt_socket" daemon [_thread_in_vm, id=8440, stack(0x00000000198b0000,0x00000000199b0000)]
  0x00000000178d7000 JavaThread "Attach Listener" daemon [_thread_blocked, id=7040, stack(0x00000000197b0000,0x00000000198b0000)]
  0x00000000192fb800 JavaThread "Signal Dispatcher" daemon [_thread_blocked, id=15348, stack(0x00000000196b0000,0x00000000197b0000)]
  0x000000001788b800 JavaThread "Finalizer" daemon [_thread_blocked, id=12968, stack(0x0000000019150000,0x0000000019250000)]
  0x0000000002ba7800 JavaThread "Reference Handler" daemon [_thread_blocked, id=3648, stack(0x0000000019050000,0x0000000019150000)]

Other Threads:
  0x0000000017887800 VMThread [stack: 0x0000000018f50000,0x0000000019050000] [id=2636]
  0x000000001a023000 WatcherThread [stack: 0x000000001a7b0000,0x000000001a8b0000] [id=6504]

VM state:not at safepoint (normal execution)

VM Mutex/Monitor currently owned by a thread: None

Heap:
 PSYoungGen      total 243712K, used 43002K [0x00000000d6100000, 0x00000000ea880000, 0x0000000100000000)
  eden space 232960K, 13% used [0x00000000d6100000,0x00000000d80832b8,0x00000000e4480000)
  from space 10752K, 99% used [0x00000000e4480000,0x00000000e4efb5f8,0x00000000e4f00000)
  to   space 13824K, 0% used [0x00000000e9b00000,0x00000000e9b00000,0x00000000ea880000)
 ParOldGen       total 69120K, used 17319K [0x0000000082200000, 0x0000000086580000, 0x00000000d6100000)
  object space 69120K, 25% used [0x0000000082200000,0x00000000832e9de0,0x0000000086580000)
 Metaspace       used 45810K, capacity 48034K, committed 48216K, reserved 1091584K
  class space    used 5764K, capacity 6155K, committed 6272K, reserved 1048576K

Card table byte_map: [0x0000000011f70000,0x0000000012360000] byte_map_base: 0x0000000011b5f000

Marking Bits: (ParMarkBitMap*) 0x000000005633a5b0
 Begin Bits: [0x0000000012c00000, 0x0000000014b78000)
 End Bits:   [0x0000000014b78000, 0x0000000016af0000)

Polling page: 0x00000000003f0000

CodeCache: size=245760Kb used=14794Kb max_used=15058Kb free=230965Kb
 bounds [0x0000000002bb0000, 0x0000000003a80000, 0x0000000011bb0000]
 total_blobs=5055 nmethods=4552 adapters=422
 compilation: enabled

Compilation events (10 events):
Event: 199.903 Thread 0x0000000019601000 5048   !   3       java.util.concurrent.ScheduledThreadPoolExecutor$DelayedWorkQueue::take (203 bytes)
Event: 199.904 Thread 0x0000000019601000 nmethod 5048 0x00000000034f1e10 code [0x00000000034f2180, 0x00000000034f3a18]
Event: 199.904 Thread 0x0000000019601000 5047       3       java.util.concurrent.ScheduledThreadPoolExecutor$DelayedWorkQueue::take (5 bytes)
Event: 199.905 Thread 0x0000000019601000 nmethod 5047 0x00000000035f1c10 code [0x00000000035f1d80, 0x00000000035f1f28]
Event: 202.846 Thread 0x0000000019601000 5049       3       java.util.concurrent.ScheduledThreadPoolExecutor$ScheduledFutureTask::run (59 bytes)
Event: 202.847 Thread 0x0000000019601000 nmethod 5049 0x0000000003653b50 code [0x0000000003653d40, 0x00000000036545e8]
Event: 202.847 Thread 0x0000000019601000 5050       3       java.util.concurrent.ScheduledThreadPoolExecutor$ScheduledFutureTask::isPeriodic (15 bytes)
Event: 202.847 Thread 0x0000000019601000 nmethod 5050 0x00000000035f1890 code [0x00000000035f19e0, 0x00000000035f1bb0]
Event: 202.861 Thread 0x0000000019601000 5051       3       java.util.concurrent.ScheduledThreadPoolExecutor$DelayedWorkQueue::siftDown (121 bytes)
Event: 202.861 Thread 0x0000000019601000 nmethod 5051 0x0000000003671690 code [0x0000000003671880, 0x0000000003672578]

GC Heap History (10 events):
Event: 1.301 GC heap before
{Heap before GC invocations=7 (full 1):
 PSYoungGen      total 138752K, used 4973K [0x00000000d6100000, 0x00000000df100000, 0x0000000100000000)
  eden space 131072K, 0% used [0x00000000d6100000,0x00000000d6100000,0x00000000de100000)
  from space 7680K, 64% used [0x00000000de980000,0x00000000dee5b4f8,0x00000000df100000)
  to   space 8192K, 0% used [0x00000000de100000,0x00000000de100000,0x00000000de900000)
 ParOldGen       total 86016K, used 4175K [0x0000000082200000, 0x0000000087600000, 0x00000000d6100000)
  object space 86016K, 4% used [0x0000000082200000,0x0000000082613c30,0x0000000087600000)
 Metaspace       used 20563K, capacity 21220K, committed 21248K, reserved 1067008K
  class space    used 2632K, capacity 2802K, committed 2816K, reserved 1048576K
Event: 1.323 GC heap after
Heap after GC invocations=7 (full 1):
 PSYoungGen      total 138752K, used 0K [0x00000000d6100000, 0x00000000df100000, 0x0000000100000000)
  eden space 131072K, 0% used [0x00000000d6100000,0x00000000d6100000,0x00000000de100000)
  from space 7680K, 0% used [0x00000000de980000,0x00000000de980000,0x00000000df100000)
  to   space 8192K, 0% used [0x00000000de100000,0x00000000de100000,0x00000000de900000)
 ParOldGen       total 46592K, used 5340K [0x0000000082200000, 0x0000000084f80000, 0x00000000d6100000)
  object space 46592K, 11% used [0x0000000082200000,0x0000000082737178,0x0000000084f80000)
 Metaspace       used 20561K, capacity 21214K, committed 21248K, reserved 1067008K
  class space    used 2631K, capacity 2801K, committed 2816K, reserved 1048576K
}
Event: 2.237 GC heap before
{Heap before GC invocations=8 (full 1):
 PSYoungGen      total 138752K, used 131072K [0x00000000d6100000, 0x00000000df100000, 0x0000000100000000)
  eden space 131072K, 100% used [0x00000000d6100000,0x00000000de100000,0x00000000de100000)
  from space 7680K, 0% used [0x00000000de980000,0x00000000de980000,0x00000000df100000)
  to   space 8192K, 0% used [0x00000000de100000,0x00000000de100000,0x00000000de900000)
 ParOldGen       total 46592K, used 5340K [0x0000000082200000, 0x0000000084f80000, 0x00000000d6100000)
  object space 46592K, 11% used [0x0000000082200000,0x0000000082737178,0x0000000084f80000)
 Metaspace       used 26941K, capacity 28016K, committed 28160K, reserved 1073152K
  class space    used 3474K, capacity 3714K, committed 3840K, reserved 1048576K
Event: 2.244 GC heap after
Heap after GC invocations=8 (full 1):
 PSYoungGen      total 139264K, used 8180K [0x00000000d6100000, 0x00000000e5980000, 0x0000000100000000)
  eden space 131072K, 0% used [0x00000000d6100000,0x00000000d6100000,0x00000000de100000)
  from space 8192K, 99% used [0x00000000de100000,0x00000000de8fd300,0x00000000de900000)
  to   space 9728K, 0% used [0x00000000e5000000,0x00000000e5000000,0x00000000e5980000)
 ParOldGen       total 46592K, used 6348K [0x0000000082200000, 0x0000000084f80000, 0x00000000d6100000)
  object space 46592K, 13% used [0x0000000082200000,0x00000000828332b0,0x0000000084f80000)
 Metaspace       used 26941K, capacity 28016K, committed 28160K, reserved 1073152K
  class space    used 3474K, capacity 3714K, committed 3840K, reserved 1048576K
}
Event: 3.083 GC heap before
{Heap before GC invocations=9 (full 1):
 PSYoungGen      total 139264K, used 97032K [0x00000000d6100000, 0x00000000e5980000, 0x0000000100000000)
  eden space 131072K, 67% used [0x00000000d6100000,0x00000000db7c4ec8,0x00000000de100000)
  from space 8192K, 99% used [0x00000000de100000,0x00000000de8fd300,0x00000000de900000)
  to   space 9728K, 0% used [0x00000000e5000000,0x00000000e5000000,0x00000000e5980000)
 ParOldGen       total 46592K, used 6348K [0x0000000082200000, 0x0000000084f80000, 0x00000000d6100000)
  object space 46592K, 13% used [0x0000000082200000,0x00000000828332b0,0x0000000084f80000)
 Metaspace       used 33830K, capacity 35346K, committed 35416K, reserved 1079296K
  class space    used 4377K, capacity 4671K, committed 4736K, reserved 1048576K
Event: 3.093 GC heap after
Heap after GC invocations=9 (full 1):
 PSYoungGen      total 239104K, used 9488K [0x00000000d6100000, 0x00000000e5980000, 0x0000000100000000)
  eden space 229376K, 0% used [0x00000000d6100000,0x00000000d6100000,0x00000000e4100000)
  from space 9728K, 97% used [0x00000000e5000000,0x00000000e59440c8,0x00000000e5980000)
  to   space 10752K, 0% used [0x00000000e4480000,0x00000000e4480000,0x00000000e4f00000)
 ParOldGen       total 46592K, used 6420K [0x0000000082200000, 0x0000000084f80000, 0x00000000d6100000)
  object space 46592K, 13% used [0x0000000082200000,0x00000000828452c0,0x0000000084f80000)
 Metaspace       used 33830K, capacity 35346K, committed 35416K, reserved 1079296K
  class space    used 4377K, capacity 4671K, committed 4736K, reserved 1048576K
}
Event: 3.093 GC heap before
{Heap before GC invocations=10 (full 2):
 PSYoungGen      total 239104K, used 9488K [0x00000000d6100000, 0x00000000e5980000, 0x0000000100000000)
  eden space 229376K, 0% used [0x00000000d6100000,0x00000000d6100000,0x00000000e4100000)
  from space 9728K, 97% used [0x00000000e5000000,0x00000000e59440c8,0x00000000e5980000)
  to   space 10752K, 0% used [0x00000000e4480000,0x00000000e4480000,0x00000000e4f00000)
 ParOldGen       total 46592K, used 6420K [0x0000000082200000, 0x0000000084f80000, 0x00000000d6100000)
  object space 46592K, 13% used [0x0000000082200000,0x00000000828452c0,0x0000000084f80000)
 Metaspace       used 33830K, capacity 35346K, committed 35416K, reserved 1079296K
  class space    used 4377K, capacity 4671K, committed 4736K, reserved 1048576K
Event: 3.169 GC heap after
Heap after GC invocations=10 (full 2):
 PSYoungGen      total 239104K, used 0K [0x00000000d6100000, 0x00000000e5980000, 0x0000000100000000)
  eden space 229376K, 0% used [0x00000000d6100000,0x00000000d6100000,0x00000000e4100000)
  from space 9728K, 0% used [0x00000000e5000000,0x00000000e5000000,0x00000000e5980000)
  to   space 10752K, 0% used [0x00000000e4480000,0x00000000e4480000,0x00000000e4f00000)
 ParOldGen       total 69120K, used 13676K [0x0000000082200000, 0x0000000086580000, 0x00000000d6100000)
  object space 69120K, 19% used [0x0000000082200000,0x0000000082f5b2a0,0x0000000086580000)
 Metaspace       used 33830K, capacity 35346K, committed 35416K, reserved 1079296K
  class space    used 4377K, capacity 4671K, committed 4736K, reserved 1048576K
}
Event: 6.927 GC heap before
{Heap before GC invocations=11 (full 2):
 PSYoungGen      total 239104K, used 229376K [0x00000000d6100000, 0x00000000e5980000, 0x0000000100000000)
  eden space 229376K, 100% used [0x00000000d6100000,0x00000000e4100000,0x00000000e4100000)
  from space 9728K, 0% used [0x00000000e5000000,0x00000000e5000000,0x00000000e5980000)
  to   space 10752K, 0% used [0x00000000e4480000,0x00000000e4480000,0x00000000e4f00000)
 ParOldGen       total 69120K, used 13676K [0x0000000082200000, 0x0000000086580000, 0x00000000d6100000)
  object space 69120K, 19% used [0x0000000082200000,0x0000000082f5b2a0,0x0000000086580000)
 Metaspace       used 44888K, capacity 47038K, committed 47320K, reserved 1091584K
  class space    used 5665K, capacity 6047K, committed 6144K, reserved 1048576K
Event: 6.938 GC heap after
Heap after GC invocations=11 (full 2):
 PSYoungGen      total 243712K, used 10733K [0x00000000d6100000, 0x00000000ea880000, 0x0000000100000000)
  eden space 232960K, 0% used [0x00000000d6100000,0x00000000d6100000,0x00000000e4480000)
  from space 10752K, 99% used [0x00000000e4480000,0x00000000e4efb5f8,0x00000000e4f00000)
  to   space 13824K, 0% used [0x00000000e9b00000,0x00000000e9b00000,0x00000000ea880000)
 ParOldGen       total 69120K, used 17319K [0x0000000082200000, 0x0000000086580000, 0x00000000d6100000)
  object space 69120K, 25% used [0x0000000082200000,0x00000000832e9de0,0x0000000086580000)
 Metaspace       used 44888K, capacity 47038K, committed 47320K, reserved 1091584K
  class space    used 5665K, capacity 6047K, committed 6144K, reserved 1048576K
}

Deoptimization events (10 events):
Event: 55.704 Thread 0x000000001d92c000 Uncommon trap: reason=unhandled action=none pc=0x00000000035c3680 method=java.net.URLClassLoader.findClass(Ljava/lang/String;)Ljava/lang/Class; @ 44
Event: 55.706 Thread 0x000000001d92c000 Uncommon trap: reason=unhandled action=none pc=0x00000000035c3680 method=java.net.URLClassLoader.findClass(Ljava/lang/String;)Ljava/lang/Class; @ 44
Event: 55.707 Thread 0x000000001d92c000 Uncommon trap: reason=unhandled action=none pc=0x00000000035c3680 method=java.net.URLClassLoader.findClass(Ljava/lang/String;)Ljava/lang/Class; @ 44
Event: 55.707 Thread 0x000000001d92c000 Uncommon trap: reason=unhandled action=none pc=0x00000000035c3680 method=java.net.URLClassLoader.findClass(Ljava/lang/String;)Ljava/lang/Class; @ 44
Event: 55.707 Thread 0x000000001d92c000 Uncommon trap: reason=unhandled action=none pc=0x00000000035c3680 method=java.net.URLClassLoader.findClass(Ljava/lang/String;)Ljava/lang/Class; @ 44
Event: 55.708 Thread 0x000000001d92c000 Uncommon trap: reason=unhandled action=none pc=0x00000000035c3680 method=java.net.URLClassLoader.findClass(Ljava/lang/String;)Ljava/lang/Class; @ 44
Event: 55.708 Thread 0x000000001d92c000 Uncommon trap: reason=unhandled action=none pc=0x00000000035c3680 method=java.net.URLClassLoader.findClass(Ljava/lang/String;)Ljava/lang/Class; @ 44
Event: 55.708 Thread 0x000000001d92c000 Uncommon trap: reason=unhandled action=none pc=0x00000000035c3680 method=java.net.URLClassLoader.findClass(Ljava/lang/String;)Ljava/lang/Class; @ 44
Event: 55.709 Thread 0x000000001d92c000 Uncommon trap: reason=unhandled action=none pc=0x00000000035c3680 method=java.net.URLClassLoader.findClass(Ljava/lang/String;)Ljava/lang/Class; @ 44
Event: 56.572 Thread 0x0000000020800800 Uncommon trap: reason=unstable_if action=reinterpret pc=0x00000000039cf274 method=java.util.HashMap$HashIterator.<init>(Ljava/util/HashMap;)V @ 45

Internal exceptions (10 events):
Event: 7.010 Thread 0x0000000020802000 Exception <a 'java/lang/ArrayIndexOutOfBoundsException': 101> (0x00000000d7096b08) thrown at [C:\re\workspace\8-2-build-windows-amd64-cygwin\jdk8u60\4407\hotspot\src\share\vm\interpreter\interpreterRuntime.cpp, line 366]
Event: 7.010 Thread 0x0000000020802000 Exception <a 'java/lang/ArrayIndexOutOfBoundsException': 63> (0x00000000d70981d0) thrown at [C:\re\workspace\8-2-build-windows-amd64-cygwin\jdk8u60\4407\hotspot\src\share\vm\interpreter\interpreterRuntime.cpp, line 366]
Event: 7.011 Thread 0x0000000020802000 Exception <a 'java/lang/ArrayIndexOutOfBoundsException': 66> (0x00000000d7099a98) thrown at [C:\re\workspace\8-2-build-windows-amd64-cygwin\jdk8u60\4407\hotspot\src\share\vm\interpreter\interpreterRuntime.cpp, line 366]
Event: 7.012 Thread 0x0000000020802000 Exception <a 'java/lang/ArrayIndexOutOfBoundsException': 149> (0x00000000d70b7330) thrown at [C:\re\workspace\8-2-build-windows-amd64-cygwin\jdk8u60\4407\hotspot\src\share\vm\interpreter\interpreterRuntime.cpp, line 366]
Event: 11.413 Thread 0x000000001d92c000 Exception <a 'java/lang/ArrayIndexOutOfBoundsException': 84> (0x00000000d7961ac0) thrown at [C:\re\workspace\8-2-build-windows-amd64-cygwin\jdk8u60\4407\hotspot\src\share\vm\interpreter\interpreterRuntime.cpp, line 366]
Event: 44.094 Thread 0x000000001d92c000 Exception <a 'java/lang/reflect/InvocationTargetException'> (0x00000000d798afe8) thrown at [C:\re\workspace\8-2-build-windows-amd64-cygwin\jdk8u60\4407\hotspot\src\share\vm\runtime\reflection.cpp, line 1092]
Event: 44.107 Thread 0x000000001d92c000 Exception <a 'java/lang/reflect/InvocationTargetException'> (0x00000000d79959c8) thrown at [C:\re\workspace\8-2-build-windows-amd64-cygwin\jdk8u60\4407\hotspot\src\share\vm\runtime\reflection.cpp, line 1092]
Event: 55.697 Thread 0x000000001d92c000 Exception <a 'java/lang/ArrayIndexOutOfBoundsException': 137> (0x00000000d7cf2928) thrown at [C:\re\workspace\8-2-build-windows-amd64-cygwin\jdk8u60\4407\hotspot\src\share\vm\interpreter\interpreterRuntime.cpp, line 366]
Event: 55.702 Thread 0x000000001d92c000 Exception <a 'java/lang/ArrayIndexOutOfBoundsException': 64> (0x00000000d7d6ff48) thrown at [C:\re\workspace\8-2-build-windows-amd64-cygwin\jdk8u60\4407\hotspot\src\share\vm\interpreter\interpreterRuntime.cpp, line 366]
Event: 55.703 Thread 0x000000001d92c000 Exception <a 'java/lang/ArrayIndexOutOfBoundsException': 83> (0x00000000d7d8e4b8) thrown at [C:\re\workspace\8-2-build-windows-amd64-cygwin\jdk8u60\4407\hotspot\src\share\vm\interpreter\interpreterRuntime.cpp, line 366]

Events (10 events):
Event: 224.786 Executing VM operation: ChangeBreakpoints
Event: 224.788 Executing VM operation: ChangeBreakpoints done
Event: 224.788 Executing VM operation: ChangeBreakpoints
Event: 224.789 Executing VM operation: ChangeBreakpoints done
Event: 224.798 Executing VM operation: ChangeBreakpoints
Event: 224.799 Executing VM operation: ChangeBreakpoints done
Event: 224.897 Executing VM operation: ChangeBreakpoints
Event: 224.898 Executing VM operation: ChangeBreakpoints done
Event: 238.849 Executing VM operation: RedefineClasses
Event: 238.869 Executing VM operation: RedefineClasses done


Dynamic libraries:
0x00007ff6511a0000 - 0x00007ff6511d7000 	C:\Program Files\Java\jre1.8.0_60\bin\javaw.exe
0x00007ff84d190000 - 0x00007ff84d37d000 	C:\Windows\SYSTEM32\ntdll.dll
0x00007ff84c400000 - 0x00007ff84c4b3000 	C:\Windows\System32\KERNEL32.DLL
0x00007ff849750000 - 0x00007ff8499e3000 	C:\Windows\System32\KERNELBASE.dll
0x00007ff84c960000 - 0x00007ff84ca03000 	C:\Windows\System32\ADVAPI32.dll
0x00007ff84c8c0000 - 0x00007ff84c95e000 	C:\Windows\System32\msvcrt.dll
0x00007ff84c360000 - 0x00007ff84c3fe000 	C:\Windows\System32\sechost.dll
0x00007ff84c730000 - 0x00007ff84c852000 	C:\Windows\System32\RPCRT4.dll
0x00007ff84ca20000 - 0x00007ff84cbb7000 	C:\Windows\System32\USER32.dll
0x00007ff84a1a0000 - 0x00007ff84a1c0000 	C:\Windows\System32\win32u.dll
0x00007ff84cc30000 - 0x00007ff84cc59000 	C:\Windows\System32\GDI32.dll
0x00007ff8495b0000 - 0x00007ff849749000 	C:\Windows\System32\gdi32full.dll
0x00007ff849440000 - 0x00007ff8494e0000 	C:\Windows\System32\msvcp_win.dll
0x00007ff849260000 - 0x00007ff84935a000 	C:\Windows\System32\ucrtbase.dll
0x00007ff8354c0000 - 0x00007ff835739000 	C:\Windows\WinSxS\amd64_microsoft.windows.common-controls_6595b64144ccf1df_6.0.17763.652_none_05b13fdc0722da13\COMCTL32.dll
0x00007ff84ccc0000 - 0x00007ff84cfec000 	C:\Windows\System32\combase.dll
0x00007ff849530000 - 0x00007ff8495ae000 	C:\Windows\System32\bcryptPrimitives.dll
0x00007ff84c180000 - 0x00007ff84c1ae000 	C:\Windows\System32\IMM32.DLL
0x00000000558b0000 - 0x0000000055982000 	C:\Program Files\Java\jre1.8.0_60\bin\msvcr100.dll
0x0000000055b30000 - 0x00000000563b9000 	C:\Program Files\Java\jre1.8.0_60\bin\server\jvm.dll
0x00007ff84ca10000 - 0x00007ff84ca18000 	C:\Windows\System32\PSAPI.DLL
0x00007ff840590000 - 0x00007ff84059a000 	C:\Windows\SYSTEM32\VERSION.dll
0x00007ff846ba0000 - 0x00007ff846bc4000 	C:\Windows\SYSTEM32\WINMM.dll
0x00007ff83a440000 - 0x00007ff83a449000 	C:\Windows\SYSTEM32\WSOCK32.dll
0x00007ff84cbc0000 - 0x00007ff84cc2d000 	C:\Windows\System32\WS2_32.dll
0x00007ff8465b0000 - 0x00007ff8465dd000 	C:\Windows\SYSTEM32\WINMMBASE.dll
0x00007ff8494e0000 - 0x00007ff84952a000 	C:\Windows\System32\cfgmgr32.dll
0x0000000057270000 - 0x000000005727f000 	C:\Program Files\Java\jre1.8.0_60\bin\verify.dll
0x0000000055a20000 - 0x0000000055a49000 	C:\Program Files\Java\jre1.8.0_60\bin\java.dll
0x0000000055450000 - 0x0000000055485000 	C:\Program Files\Java\jre1.8.0_60\bin\jdwp.dll
0x00000000558a0000 - 0x00000000558a8000 	C:\Program Files\Java\jre1.8.0_60\bin\npt.dll
0x0000000055420000 - 0x0000000055443000 	C:\Program Files\Java\jre1.8.0_60\bin\instrument.dll
0x0000000055a00000 - 0x0000000055a16000 	C:\Program Files\Java\jre1.8.0_60\bin\zip.dll
0x00007ff84aab0000 - 0x00007ff84bfa0000 	C:\Windows\System32\SHELL32.dll
0x00007ff84a450000 - 0x00007ff84a4f8000 	C:\Windows\System32\shcore.dll
0x00007ff849a50000 - 0x00007ff84a19a000 	C:\Windows\System32\windows.storage.dll
0x00007ff849190000 - 0x00007ff8491b4000 	C:\Windows\System32\profapi.dll
0x00007ff8491c0000 - 0x00007ff84921d000 	C:\Windows\System32\powrprof.dll
0x00007ff84c860000 - 0x00007ff84c8b2000 	C:\Windows\System32\shlwapi.dll
0x00007ff849240000 - 0x00007ff849251000 	C:\Windows\System32\kernel.appcore.dll
0x00007ff84a3a0000 - 0x00007ff84a3b7000 	C:\Windows\System32\cryptsp.dll
0x0000000055410000 - 0x0000000055419000 	C:\Program Files\Java\jre1.8.0_60\bin\dt_socket.dll
0x00007ff837ab0000 - 0x00007ff837ac6000 	C:\Windows\system32\napinsp.dll
0x00007ff837400000 - 0x00007ff83741a000 	C:\Windows\system32\pnrpnsp.dll
0x00007ff8489d0000 - 0x00007ff848a37000 	C:\Windows\System32\mswsock.dll
0x00007ff848730000 - 0x00007ff8487f6000 	C:\Windows\SYSTEM32\DNSAPI.dll
0x00007ff84a3c0000 - 0x00007ff84a3c8000 	C:\Windows\System32\NSI.dll
0x00007ff8486f0000 - 0x00007ff84872d000 	C:\Windows\SYSTEM32\IPHLPAPI.DLL
0x00007ff8373f0000 - 0x00007ff8373fe000 	C:\Windows\System32\winrnr.dll
0x00007ff8459f0000 - 0x00007ff845a0b000 	C:\Windows\system32\NLAapi.dll
0x00007ff8373d0000 - 0x00007ff8373e5000 	C:\Windows\system32\wshbth.dll
0x00007ff83feb0000 - 0x00007ff83ff29000 	C:\Windows\System32\fwpuclnt.dll
0x00007ff849410000 - 0x00007ff849436000 	C:\Windows\System32\bcrypt.dll
0x00007ff83fe30000 - 0x00007ff83fe3a000 	C:\Windows\System32\rasadhlp.dll
0x0000000055400000 - 0x000000005540d000 	C:\Program Files\Java\jre1.8.0_60\bin\management.dll
0x00000000559e0000 - 0x00000000559fa000 	C:\Program Files\Java\jre1.8.0_60\bin\net.dll
0x00000000559c0000 - 0x00000000559d1000 	C:\Program Files\Java\jre1.8.0_60\bin\nio.dll
0x00007ff848550000 - 0x00007ff848583000 	C:\Windows\system32\rsaenh.dll
0x00007ff849090000 - 0x00007ff8490b8000 	C:\Windows\SYSTEM32\USERENV.dll
0x00007ff848ba0000 - 0x00007ff848bac000 	C:\Windows\SYSTEM32\CRYPTBASE.dll
0x00007ff840240000 - 0x00007ff840256000 	C:\Windows\SYSTEM32\dhcpcsvc6.DLL
0x00007ff840220000 - 0x00007ff84023c000 	C:\Windows\SYSTEM32\dhcpcsvc.DLL
0x0000000055990000 - 0x00000000559b4000 	C:\Program Files\Java\jre1.8.0_60\bin\sunec.dll
0x00007ff839b80000 - 0x00007ff839d6d000 	C:\Windows\SYSTEM32\dbghelp.dll

VM Arguments:
jvm_args: -agentlib:jdwp=transport=dt_socket,suspend=y,address=localhost:65455 -javaagent:E:\Users\Asus\eclipse\java-2019-03\eclipse\configuration\org.eclipse.osgi\224\0\.cp\lib\javaagent-shaded.jar -Dfile.encoding=UTF-8 
java_command: com.example.spring_mybatis.SpringMybatisApplication
java_class_path (initial): C:\Users\Asus\Desktop\测试\权限管理系统\spring_mybatis\target\classes;C:\Users\Asus\.m2\repository\org\springframework\boot\spring-boot-starter-jdbc\2.2.0.BUILD-SNAPSHOT\spring-boot-starter-jdbc-2.2.0.BUILD-SNAPSHOT.jar;C:\Users\Asus\.m2\repository\org\springframework\boot\spring-boot-starter\2.2.0.BUILD-SNAPSHOT\spring-boot-starter-2.2.0.BUILD-SNAPSHOT.jar;C:\Users\Asus\.m2\repository\org\springframework\boot\spring-boot\2.2.0.BUILD-SNAPSHOT\spring-boot-2.2.0.BUILD-SNAPSHOT.jar;C:\Users\Asus\.m2\repository\org\springframework\boot\spring-boot-autoconfigure\2.2.0.BUILD-SNAPSHOT\spring-boot-autoconfigure-2.2.0.BUILD-SNAPSHOT.jar;C:\Users\Asus\.m2\repository\org\springframework\boot\spring-boot-starter-logging\2.2.0.BUILD-SNAPSHOT\spring-boot-starter-logging-2.2.0.BUILD-SNAPSHOT.jar;C:\Users\Asus\.m2\repository\ch\qos\logback\logback-classic\1.2.3\logback-classic-1.2.3.jar;C:\Users\Asus\.m2\repository\ch\qos\logback\logback-core\1.2.3\logback-core-1.2.3.jar;C:\Users\Asus\.m2\repository\org\apache\logging\log4j\log4j-to-slf4j\2.12.0\log4j-to-slf4j-2.12.0.jar;C:\Users\Asus\.m2\repository\org\apache\logging\log4j\log4j-api\2.12.0\log4j-api-2.12.0.jar;C:\Users\Asus\.m2\repository\org\slf4j\jul-to-slf4j\1.7.26\jul-to-slf4j-1.7.26.jar;C:\Users\Asus\.m2\repository\jakarta\annotation\jakarta.annotation-api\1.3.4\jakarta.annotation-api-1.3.4.jar;C:\Users\Asus\.m2\repository\org\yaml\snakeyaml\1.24\snakeyaml-1.24.jar;C:\Users\Asus\.m2\repository\com\zaxxer\HikariCP\3.3.1\HikariCP-3.3.1.jar;C:\Users\Asus\.m2\repository\org\slf4j\slf4j-api\1.7.26\slf4j-api-1.7.26.jar;C:\Users\Asus\.m2\repository\org\springframework\spring-jdbc\5.2.0.BUILD-SNAPSHOT\spring-jdbc-5.2.0.BUILD-SNAPSHOT.jar;C:\Users\Asus\.m2\repository\org\springframework\spring-beans\5.2.0.BUILD-SNAPSHOT\spring-beans-5.2.0.BUILD-SNAPSHOT.jar;C:\Users\Asus\.m2\repository\org\springframework\spring-tx\5.2.0.BUILD-SNAPSHOT\spring-tx-5.2.0.BUILD-SNAPSHOT.jar;C:\Users\Asus\.m2\repository\org\spr
Launcher Type: SUN_STANDARD

Environment Variables:
JAVA_HOME=C:\Program Files\Java\jdk1.8.0_60
CLASSPATH=.;C:\Program Files\Java\jdk1.8.0_60\lib\dt.jar;C:\Program Files\Java\jdk1.8.0_60\lib\tools.jar; 
PATH=C:/Program Files/Java/jre1.8.0_60/bin/server;C:/Program Files/Java/jre1.8.0_60/bin;C:/Program Files/Java/jre1.8.0_60/lib/amd64;C:\ProgramData\Oracle\Java\javapath;C:\Windows\system32;C:\Windows;C:\Windows\System32\Wbem;C:\Windows\System32\WindowsPowerShell\v1.0\;C:\Windows\System32\OpenSSH\;C:\Program Files (x86)\Intel\Intel(R) Management Engine Components\DAL;C:\Program Files\Intel\Intel(R) Management Engine Components\DAL;C:\Program Files\NVIDIA Corporation\NVIDIA NGX;C:\Program Files (x86)\NVIDIA Corporation\PhysX\Common;C:\Program Files\Java\jdk1.8.0_60\bin;C:\Program Files\Java\jdk1.8.0_60\jre\bin;C:\Program Files\TortoiseSVN\bin;C:\Program Files\MySQL\MySQL Shell 8.0\bin\;C:\Users\Asus\Desktop;
USERNAME=Asus
OS=Windows_NT
PROCESSOR_IDENTIFIER=Intel64 Family 6 Model 158 Stepping 10, GenuineIntel



---------------  S Y S T E M  ---------------

OS: Windows 10.0 , 64 bit Build 17763 (10.0.17763.475)

CPU:total 6 (6 cores per cpu, 1 threads per core) family 6 model 158 stepping 10, cmov, cx8, fxsr, mmx, sse, sse2, sse3, ssse3, sse4.1, sse4.2, popcnt, avx, avx2, aes, clmul, erms, 3dnowpref, lzcnt, tsc, tscinvbit, bmi1, bmi2, adx

Memory: 4k page, physical 8248244k(2961684k free), swap 14135904k(4304372k free)

vm_info: Java HotSpot(TM) 64-Bit Server VM (25.60-b23) for windows-amd64 JRE (1.8.0_60-b27), built on Aug  4 2015 11:06:27 by "java_re" with MS VC++ 10.0 (VS2010)

time: Thu Aug 29 13:53:26 2019
elapsed time: 238 seconds (0d 0h 3m 58s)

